2025-07-17 15:12:23,795 - INFO - Created directory structure
2025-07-17 15:12:23,795 - INFO - Starting comprehensive data collection for QE research...
2025-07-17 15:12:23,795 - INFO - === Collecting US Federal Reserve Data ===
2025-07-17 15:12:23,795 - INFO - Downloading US Federal Reserve balance sheet data...
2025-07-17 15:12:24,045 - INFO - Downloaded fed_total_assets: 1178 observations
2025-07-17 15:12:24,385 - INFO - Downloaded fed_treasury_holdings: 2062 observations
2025-07-17 15:12:24,686 - INFO - Downloaded fed_mbs_holdings: 1178 observations
2025-07-17 15:12:24,994 - INFO - Downloaded fed_reserves: 797 observations
2025-07-17 15:12:25,988 - WARNING - Primary series BOGMBBCM failed: Bad Request.  The series does not exist.
2025-07-17 15:12:26,116 - WARNING - Alternative series BOGMBBCM failed: Bad Request.  The series does not exist.
2025-07-17 15:12:26,314 - INFO - Downloaded fed_currency_circulation (alternative CURRSL): 941 observations
2025-07-17 15:12:26,570 - INFO - Downloaded fed_bank_reserves: 2167 observations
2025-07-17 15:12:27,308 - INFO - Downloaded fed_repo_operations: 1178 observations
2025-07-17 15:12:27,410 - INFO - Downloading US Treasury yields...
2025-07-17 15:12:28,838 - INFO - Downloaded us_2y: 12816 observations
2025-07-17 15:12:30,844 - INFO - Downloaded us_5y: 16576 observations
2025-07-17 15:12:32,515 - INFO - Downloaded us_10y: 16576 observations
2025-07-17 15:12:33,801 - INFO - Downloaded us_30y: 12631 observations
2025-07-17 15:12:35,325 - INFO - Downloaded us_3m: 11446 observations
2025-07-17 15:12:35,427 - INFO - Downloading US fiscal data...
2025-07-17 15:12:35,681 - INFO - Downloaded us_federal_debt: 237 observations
2025-07-17 15:12:36,222 - INFO - Downloaded us_gdp: 317 observations
2025-07-17 15:12:37,091 - INFO - Downloaded us_interest_payments: 313 observations
2025-07-17 15:12:38,007 - INFO - Downloaded us_primary_balance: 96 observations
2025-07-17 15:12:38,108 - INFO - Downloading US investment data...
2025-07-17 15:12:39,047 - INFO - Downloaded us_gross_investment: 345 observations
2025-07-17 15:12:39,431 - INFO - Downloaded us_business_investment: 317 observations
2025-07-17 15:12:39,935 - INFO - Downloaded us_equipment_investment: 313 observations
2025-07-17 15:12:40,138 - WARNING - High missing data for us_equipment_investment: 76.7%
2025-07-17 15:12:40,138 - INFO - === Collecting European Central Bank Data ===
2025-07-17 15:12:40,139 - INFO - Downloading Eurozone bond yields...
2025-07-17 15:12:40,772 - INFO - Downloaded EA interest rates: 300 observations
2025-07-17 15:12:40,772 - INFO - Trying FRED for Eurozone yield data...
2025-07-17 15:12:41,442 - INFO - Downloaded ea_10y_fred from FRED: 666 observations
2025-07-17 15:12:41,442 - INFO - Downloading ECB balance sheet data...
2025-07-17 15:12:42,070 - INFO - Downloaded ECB total assets: 300 observations
2025-07-17 15:12:42,074 - INFO - Saved ea_rates: 300 observations
2025-07-17 15:12:42,075 - INFO - Saved ea_10y_fred: 666 observations
2025-07-17 15:12:42,079 - INFO - Saved ecb_total_assets: 300 observations
2025-07-17 15:12:42,079 - INFO - === Collecting Market Data ===
2025-07-17 15:12:42,079 - INFO - Downloading bond ETF data...
2025-07-17 15:12:42,520 - INFO - Downloaded us_long_treasury: 5644 observations
2025-07-17 15:12:43,268 - INFO - Downloaded us_inter_treasury: 5644 observations
2025-07-17 15:12:44,035 - INFO - Downloaded us_short_treasury: 5644 observations
2025-07-17 15:12:44,778 - INFO - Downloaded us_tips: 3625 observations
2025-07-17 15:12:43,511 - ERROR - $VGEA.L: possibly delisted; no timezone found
2025-07-17 15:12:44,163 - INFO - Downloaded eu_government_bonds (alternative IEAG.L): 3995 observations
2025-07-17 15:12:44,182 - INFO - Downloaded eu_govt_bonds_alt: 3995 observations
2025-07-17 15:12:44,849 - INFO - Downloaded jp_government_bonds: 2126 observations
2025-07-17 15:12:45,480 - INFO - Downloaded global_bonds: 1589 observations
2025-07-17 15:12:46,163 - INFO - Downloaded emerging_bonds: 4286 observations
2025-07-17 15:12:46,682 - INFO - Downloading exchange rate data...
2025-07-17 15:12:46,939 - INFO - Downloaded eur_usd: 5472 observations
2025-07-17 15:12:47,729 - INFO - Downloaded gbp_usd: 5484 observations
2025-07-17 15:12:48,514 - INFO - Downloaded jpy_usd: 6492 observations
2025-07-17 15:12:49,273 - INFO - Downloaded chf_usd: 5538 observations
2025-07-17 15:12:50,076 - INFO - Downloaded sek_usd: 5931 observations
2025-07-17 15:12:50,859 - INFO - Downloaded cad_usd: 5540 observations
2025-07-17 15:12:51,609 - INFO - Downloaded aud_usd: 4848 observations
2025-07-17 15:12:52,331 - INFO - Downloaded dxy: 6315 observations
2025-07-17 15:12:52,868 - INFO - Downloading market indicators...
2025-07-17 15:12:53,114 - INFO - Downloaded vix: 6288 observations
2025-07-17 15:12:53,860 - INFO - Downloaded sp500: 6288 observations
2025-07-17 15:12:54,607 - INFO - Downloaded nasdaq: 6288 observations
2025-07-17 15:12:55,345 - INFO - Downloaded gold: 6105 observations
2025-07-17 15:12:56,161 - INFO - Downloaded oil: 6114 observations
2025-07-17 15:12:56,929 - INFO - Downloaded copper: 6110 observations
2025-07-17 15:12:58,559 - INFO - === Processing Data ===
2025-07-17 15:12:58,559 - INFO - Processing collected data...
2025-07-17 15:12:58,656 - INFO - US panel processed: (35260, 28)
2025-07-17 15:12:58,658 - INFO - ECB panel processed: (20241, 1)
2025-07-17 15:12:58,772 - INFO - Market panel processed: (36936, 46)
2025-07-17 15:12:58,773 - ERROR - Error creating combined panel: Cannot join tz-naive with tz-aware DatetimeIndex
2025-07-17 15:12:59,141 - INFO - Saved processed dataset: us_panel
2025-07-17 15:12:59,141 - INFO -   Shape: (35260, 28)
2025-07-17 15:12:59,141 - INFO -   Date range: 1929-01-01 00:00:00 to 2025-07-15 00:00:00
2025-07-17 15:12:59,141 - INFO -   Missing data: 46.6%
2025-07-17 15:12:59,141 - WARNING - High missing data in us_panel: 46.6%
2025-07-17 15:12:59,165 - INFO - Saved processed dataset: ecb_panel
2025-07-17 15:12:59,165 - INFO -   Shape: (20241, 1)
2025-07-17 15:12:59,165 - INFO -   Date range: 1970-01-01 00:00:00 to 2025-06-01 00:00:00
2025-07-17 15:12:59,165 - INFO -   Missing data: 0.0%
2025-07-17 15:12:59,794 - INFO - Saved processed dataset: market_panel
2025-07-17 15:12:59,795 - INFO -   Shape: (36936, 46)
2025-07-17 15:12:59,795 - INFO -   Date range: 2000-01-03 00:00:00+00:00 to 2024-12-31 04:00:00+00:00
2025-07-17 15:12:59,795 - INFO -   Missing data: 79.8%
2025-07-17 15:12:59,795 - WARNING - High missing data in market_panel: 79.8%
2025-07-17 15:12:59,795 - INFO - === Data Collection Summary ===
2025-07-17 15:12:59,795 - INFO - Successful downloads: 45
2025-07-17 15:12:59,795 - INFO - Failed downloads: 0
2025-07-17 15:12:59,795 - INFO - Total series collected: 45
2025-07-17 15:12:59,795 - INFO - Total observations: 202,111
2025-07-17 15:12:59,795 - INFO - Data saved in: data
2025-07-17 15:12:59,799 - INFO - Enhanced data dictionary saved to: data/processed/enhanced_data_dictionary.csv
2025-07-17 15:12:59,803 - INFO - Data validation report saved to: data/processed/data_validation_report.csv
2025-07-17 15:12:59,803 - INFO - Data collection completed successfully!
2025-07-17 15:22:07,818 - INFO - Created directory structure
2025-07-17 15:22:07,818 - INFO - Starting comprehensive data collection for QE research...
2025-07-17 15:22:07,818 - INFO - === Collecting US Federal Reserve Data ===
2025-07-17 15:22:07,818 - INFO - Downloading US Federal Reserve balance sheet data...
2025-07-17 15:22:08,055 - INFO - Downloaded fed_total_assets: 1178 observations
2025-07-17 15:22:08,411 - INFO - Downloaded fed_treasury_holdings: 2062 observations
2025-07-17 15:22:08,733 - INFO - Downloaded fed_mbs_holdings: 1178 observations
2025-07-17 15:22:09,009 - INFO - Downloaded fed_reserves: 797 observations
2025-07-17 15:22:09,941 - WARNING - Primary series BOGMBBCM failed: Bad Request.  The series does not exist.
2025-07-17 15:22:10,673 - WARNING - Alternative series BOGMBBCM failed: Bad Request.  The series does not exist.
2025-07-17 15:22:11,882 - INFO - Downloaded fed_currency_circulation (alternative CURRSL): 941 observations
2025-07-17 15:22:12,942 - INFO - Downloaded fed_bank_reserves: 2167 observations
2025-07-17 15:22:13,306 - INFO - Downloaded fed_repo_operations: 1178 observations
2025-07-17 15:22:13,414 - INFO - Downloading US Treasury yields...
2025-07-17 15:22:14,314 - INFO - Downloaded us_2y: 12816 observations
2025-07-17 15:22:25,337 - INFO - Downloaded us_5y: 16576 observations
2025-07-17 15:22:28,233 - INFO - Downloaded us_10y: 16576 observations
2025-07-17 15:22:29,366 - INFO - Downloaded us_30y: 12631 observations
2025-07-17 15:22:31,014 - INFO - Downloaded us_3m: 11446 observations
2025-07-17 15:22:31,122 - INFO - Downloading US fiscal data...
2025-07-17 15:22:31,335 - INFO - Downloaded us_federal_debt: 237 observations
2025-07-17 15:22:31,910 - INFO - Downloaded us_gdp: 317 observations
2025-07-17 15:22:32,427 - INFO - Downloaded us_interest_payments: 313 observations
2025-07-17 15:22:32,844 - INFO - Downloaded us_primary_balance: 96 observations
2025-07-17 15:22:32,952 - INFO - Downloading US investment data...
2025-07-17 15:22:33,685 - INFO - Downloaded us_gross_investment: 345 observations
2025-07-17 15:22:34,084 - INFO - Downloaded us_business_investment: 317 observations
2025-07-17 15:22:34,741 - INFO - Downloaded us_equipment_investment: 313 observations
2025-07-17 15:22:34,849 - INFO - Downloading Treasury International Capital data...
2025-07-17 15:22:35,262 - INFO - Downloaded foreign_treasury_holdings: 221 observations
2025-07-17 15:22:35,712 - INFO - Downloaded foreign_agency_holdings: 177 observations
2025-07-17 15:22:36,173 - WARNING - TIC series FDHBFCH failed: Bad Request.  The series does not exist.
2025-07-17 15:22:36,521 - WARNING - TIC series FDHBFJP failed: Bad Request.  The series does not exist.
2025-07-17 15:22:36,521 - INFO - Downloading Bank of Japan data...
2025-07-17 15:22:37,119 - INFO - Downloaded boj_total_assets: 327 observations
2025-07-17 15:22:37,623 - INFO - Downloaded japan_10y_yield: 438 observations
2025-07-17 15:22:38,308 - INFO - Downloaded japan_policy_rate: 772 observations
2025-07-17 15:22:38,528 - WARNING - High missing data for us_equipment_investment: 76.7%
2025-07-17 15:22:38,534 - INFO - === Collecting European Central Bank Data ===
2025-07-17 15:22:38,535 - INFO - Downloading Eurozone bond yields...
2025-07-17 15:22:39,177 - INFO - Downloaded EA interest rates: 300 observations
2025-07-17 15:22:39,177 - INFO - Trying FRED for Eurozone yield data...
2025-07-17 15:22:40,000 - INFO - Downloaded ea_10y_fred from FRED: 666 observations
2025-07-17 15:22:40,000 - INFO - Downloading ECB balance sheet data...
2025-07-17 15:22:40,668 - INFO - Downloaded ECB total assets: 300 observations
2025-07-17 15:22:40,691 - INFO - Saved ea_rates: 300 observations
2025-07-17 15:22:40,693 - INFO - Saved ea_10y_fred: 666 observations
2025-07-17 15:22:40,699 - INFO - Saved ecb_total_assets: 300 observations
2025-07-17 15:22:40,699 - INFO - === Collecting Market Data ===
2025-07-17 15:22:40,699 - INFO - Downloading bond ETF data...
2025-07-17 15:22:41,225 - INFO - Downloaded us_long_treasury: 5644 observations
2025-07-17 15:22:41,979 - INFO - Downloaded us_inter_treasury: 5644 observations
2025-07-17 15:22:42,739 - INFO - Downloaded us_short_treasury: 5644 observations
2025-07-17 15:22:43,442 - INFO - Downloaded us_tips: 3625 observations
2025-07-17 15:22:44,373 - ERROR - $VGEA.L: possibly delisted; no timezone found
2025-07-17 15:22:45,102 - INFO - Downloaded eu_government_bonds (alternative IEAG.L): 3995 observations
2025-07-17 15:22:45,124 - INFO - Downloaded eu_govt_bonds_alt: 3995 observations
2025-07-17 15:22:45,816 - INFO - Downloaded jp_government_bonds: 2126 observations
2025-07-17 15:22:46,499 - INFO - Downloaded global_bonds: 1589 observations
2025-07-17 15:22:44,951 - INFO - Downloaded emerging_bonds: 4286 observations
2025-07-17 15:22:45,466 - INFO - Downloading exchange rate data...
2025-07-17 15:22:45,658 - INFO - Downloaded eur_usd: 5472 observations
2025-07-17 15:22:46,360 - INFO - Downloaded gbp_usd: 5484 observations
2025-07-17 15:22:47,056 - INFO - Downloaded jpy_usd: 6492 observations
2025-07-17 15:22:47,756 - INFO - Downloaded chf_usd: 5538 observations
2025-07-17 15:22:48,474 - INFO - Downloaded sek_usd: 5931 observations
2025-07-17 15:22:49,162 - INFO - Downloaded cad_usd: 5540 observations
2025-07-17 15:22:49,821 - INFO - Downloaded aud_usd: 4848 observations
2025-07-17 15:22:50,527 - INFO - Downloaded dxy: 6315 observations
2025-07-17 15:22:51,028 - INFO - Downloading market indicators...
2025-07-17 15:22:51,190 - INFO - Downloaded vix: 6288 observations
2025-07-17 15:22:51,896 - INFO - Downloaded sp500: 6288 observations
2025-07-17 15:22:52,558 - INFO - Downloaded nasdaq: 6288 observations
2025-07-17 15:22:53,258 - INFO - Downloaded gold: 6105 observations
2025-07-17 15:22:53,945 - INFO - Downloaded oil: 6114 observations
2025-07-17 15:22:54,669 - INFO - Downloaded copper: 6110 observations
2025-07-17 15:22:56,256 - INFO - === Processing Data ===
2025-07-17 15:22:56,256 - INFO - Processing collected data...
2025-07-17 15:22:56,375 - INFO - US panel processed: (35260, 33)
2025-07-17 15:22:56,377 - INFO - ECB panel processed: (20241, 1)
2025-07-17 15:22:56,421 - INFO - Market panel processed: (9129, 46)
2025-07-17 15:22:56,450 - INFO - Combined panel created: (35260, 80)
2025-07-17 15:22:56,888 - INFO - Saved processed dataset: us_panel
2025-07-17 15:22:56,888 - INFO -   Shape: (35260, 33)
2025-07-17 15:22:56,888 - INFO -   Date range: 1929-01-01 00:00:00 to 2025-07-15 00:00:00
2025-07-17 15:22:56,888 - INFO -   Missing data: 47.5%
2025-07-17 15:22:56,888 - WARNING - High missing data in us_panel: 47.5%
2025-07-17 15:22:56,916 - INFO - Saved processed dataset: ecb_panel
2025-07-17 15:22:56,916 - INFO -   Shape: (20241, 1)
2025-07-17 15:22:56,916 - INFO -   Date range: 1970-01-01 00:00:00 to 2025-06-01 00:00:00
2025-07-17 15:22:56,916 - INFO -   Missing data: 0.0%
2025-07-17 15:22:57,238 - INFO - Saved processed dataset: market_panel
2025-07-17 15:22:57,238 - INFO -   Shape: (9129, 46)
2025-07-17 15:22:57,238 - INFO -   Date range: 2000-01-03 00:00:00 to 2024-12-30 00:00:00
2025-07-17 15:22:57,238 - INFO -   Missing data: 18.4%
2025-07-17 15:22:58,188 - INFO - Saved processed dataset: combined_panel
2025-07-17 15:22:58,189 - INFO -   Shape: (35260, 80)
2025-07-17 15:22:58,189 - INFO -   Date range: 1929-01-01 00:00:00 to 2025-07-15 00:00:00
2025-07-17 15:22:58,189 - INFO -   Missing data: 65.5%
2025-07-17 15:22:58,189 - WARNING - High missing data in combined_panel: 65.5%
2025-07-17 15:22:58,189 - INFO - === Data Collection Summary ===
2025-07-17 15:22:58,189 - INFO - Successful downloads: 68
2025-07-17 15:22:58,189 - INFO - Failed downloads: 0
2025-07-17 15:22:58,189 - INFO - Total series collected: 68
2025-07-17 15:22:58,189 - INFO - Total observations: 277,142
2025-07-17 15:22:58,189 - INFO - Data saved in: data
2025-07-17 15:22:58,195 - INFO - Enhanced data dictionary saved to: data/processed/enhanced_data_dictionary.csv
2025-07-17 15:22:58,203 - INFO - Data validation report saved to: data/processed/data_validation_report.csv
2025-07-17 15:22:58,203 - INFO - Data collection completed successfully!
