2025-07-17 15:54:33,848 - INFO - ============================================================
2025-07-17 15:54:33,848 - INFO - QUANTITATIVE EASING AND BOND MARKET DYNAMICS
2025-07-17 15:54:33,848 - INFO - Main Analysis Pipeline
2025-07-17 15:54:33,849 - INFO - ============================================================
2025-07-17 15:54:33,849 - INFO - 
1. DOWNLOADING DATA
2025-07-17 15:54:33,849 - INFO - ------------------------------
2025-07-17 15:54:33,849 - INFO - Using existing processed data. Delete data/processed to re-download.
2025-07-17 15:54:33,849 - INFO - 
2. LOADING AND PREPARING DATA
2025-07-17 15:54:33,849 - INFO - ------------------------------
2025-07-17 15:54:33,939 - INFO - Loaded us_panel: (35260, 33)
2025-07-17 15:54:34,067 - INFO - Loaded combined_panel: (35260, 80)
2025-07-17 15:54:34,107 - INFO - Loaded market_panel: (9129, 46)
2025-07-17 15:54:34,108 - INFO - Preparing data for analysis...
2025-07-17 15:54:34,173 - INFO - Data quality score: 45/100
2025-07-17 15:54:34,220 - INFO - Analysis dataset prepared: (13693, 84)
2025-07-17 15:54:34,221 - INFO - Date range: 1986-01-08 00:00:00 to 2025-01-06 00:00:00
2025-07-17 15:54:34,221 - INFO - 
3. RUNNING HYPOTHESIS TESTS
2025-07-17 15:54:34,221 - INFO - ------------------------------
2025-07-17 15:54:34,221 - INFO - ==================================================
2025-07-17 15:54:34,221 - INFO - RUNNING HYPOTHESIS TESTS
2025-07-17 15:54:34,221 - INFO - ==================================================
2025-07-17 15:54:34,221 - INFO - 
--- Testing Hypothesis 1: Threshold Effects ---
2025-07-17 15:54:34,221 - INFO - ==================================================
2025-07-17 15:54:34,221 - INFO - TESTING HYPOTHESIS 1: THRESHOLD EFFECTS ON YIELDS
2025-07-17 15:54:34,221 - INFO - ==================================================
2025-07-17 15:54:34,227 - INFO - Hypothesis 1 dataset prepared: (13692, 14)
2025-07-17 15:54:34,227 - INFO - QE intensity range: 0.000 to 0.067
2025-07-17 15:54:34,227 - INFO - Running Smooth Transition Regression (STR) analysis...
2025-07-17 15:54:34,229 - INFO - Running Hansen threshold regression analysis...
2025-07-17 15:54:37,165 - INFO - Hansen Results: Threshold = 0.003
2025-07-17 15:54:37,166 - INFO - Regime 1: 8568 obs, Regime 2: 5124 obs, R² = 0.001
2025-07-17 15:54:37,166 - INFO - Analyzing threshold mechanisms...
2025-07-17 15:54:37,166 - INFO - Creating Hypothesis 1 visualizations...
2025-07-17 15:54:38,429 - INFO - Hypothesis 1 supported: True
2025-07-17 15:54:38,430 - ERROR - Hypothesis 1 test failed: Unknown format code 'f' for object of type 'str'
2025-07-17 15:54:38,430 - INFO - 
--- Testing Hypothesis 2: Investment Effects ---
2025-07-17 15:54:38,430 - INFO - ==================================================
2025-07-17 15:54:38,430 - INFO - TESTING HYPOTHESIS 2: QE IMPACT ON INVESTMENT
2025-07-17 15:54:38,430 - INFO - ==================================================
2025-07-17 15:54:38,446 - INFO - Hypothesis 2 dataset prepared: (13688, 23)
2025-07-17 15:54:38,446 - INFO - Investment variable used: us_business_investment
2025-07-17 15:54:38,446 - INFO - Investment range: 596.55 to 4089.45
2025-07-17 15:54:38,447 - INFO - Running IV regression for investment equation...
2025-07-17 15:54:38,459 - ERROR - IV regression failed: 'numpy.ndarray' object has no attribute 'iloc'
2025-07-17 15:54:38,459 - INFO - Running local projections for dynamic effects...
2025-07-17 15:54:38,616 - INFO - Local Projections: Peak effect at horizon 12 = 1493.929
2025-07-17 15:54:38,616 - INFO - Testing robustness of investment results...
2025-07-17 15:54:38,635 - INFO - Running IV regression for investment equation...
2025-07-17 15:54:38,641 - ERROR - IV regression failed: 'numpy.ndarray' object has no attribute 'iloc'
2025-07-17 15:54:38,641 - INFO - Running IV regression for investment equation...
2025-07-17 15:54:38,650 - ERROR - IV regression failed: 'numpy.ndarray' object has no attribute 'iloc'
2025-07-17 15:54:38,650 - INFO - Running IV regression for investment equation...
2025-07-17 15:54:38,658 - ERROR - IV regression failed: 'numpy.ndarray' object has no attribute 'iloc'
2025-07-17 15:54:38,658 - INFO - Running IV regression for investment equation...
2025-07-17 15:54:38,665 - ERROR - IV regression failed: 'numpy.ndarray' object has no attribute 'iloc'
2025-07-17 15:54:38,681 - INFO - Creating Hypothesis 2 visualizations...
2025-07-17 15:54:39,582 - INFO - Hypothesis 2 supported: False
2025-07-17 15:54:39,583 - INFO - QE effect on investment: N/A
2025-07-17 15:54:39,583 - INFO - Investment effect significant: False
2025-07-17 15:54:39,583 - INFO - 
--- Testing Hypothesis 3: International Spillovers ---
2025-07-17 15:54:39,583 - INFO - ==================================================
2025-07-17 15:54:39,583 - INFO - TESTING HYPOTHESIS 3: INTERNATIONAL SPILLOVERS
2025-07-17 15:54:39,583 - INFO - ==================================================
2025-07-17 15:54:39,605 - INFO - Hypothesis 3 dataset prepared: (13693, 31)
2025-07-17 15:54:39,605 - INFO - Available foreign variables: ['foreign_treasury_holdings', 'foreign_holdings_growth', 'foreign_holdings_change']
2025-07-17 15:54:39,605 - INFO - Available FX variables: ['dxy', 'gbp_usd', 'eur_usd', 'jpy_usd', 'dxy_change', 'dxy_vol', 'gbp_usd_change', 'gbp_usd_vol', 'eur_usd_change', 'eur_usd_vol', 'jpy_usd_change', 'jpy_usd_vol']
2025-07-17 15:54:39,605 - INFO - Analyzing foreign holdings response to QE...
2025-07-17 15:54:39,611 - INFO - foreign_treasury_holdings: QE coeff = -19.078 (p=0.248)
2025-07-17 15:54:39,617 - INFO - foreign_holdings_growth: QE coeff = 0.000 (p=nan)
2025-07-17 15:54:39,622 - INFO - foreign_holdings_change: QE coeff = 0.000 (p=nan)
2025-07-17 15:54:39,622 - INFO - Analyzing exchange rate effects...
2025-07-17 15:54:39,625 - INFO - gbp_usd: QE coeff = 21.365, implies dollar weakening
2025-07-17 15:54:39,627 - INFO - eur_usd: QE coeff = 16.679, implies dollar weakening
2025-07-17 15:54:39,630 - INFO - jpy_usd: QE coeff = -3.324, implies dollar strengthening
2025-07-17 15:54:39,633 - INFO - dxy: QE coeff = -10.977, implies dollar weakening
2025-07-17 15:54:39,633 - INFO - Running Panel VAR analysis...
2025-07-17 15:54:39,647 - INFO - Running high-frequency identification...
2025-07-17 15:54:39,655 - INFO - Analyzing official vs private foreign flows...
2025-07-17 15:54:39,655 - INFO - Creating Hypothesis 3 visualizations...
2025-07-17 15:54:40,412 - INFO - Hypothesis 3 supported: False
2025-07-17 15:54:40,412 - INFO - Evidence count: 1
2025-07-17 15:54:40,412 - INFO - QE effect on foreign flows: N/A
2025-07-17 15:54:40,412 - INFO - Foreign flow effect significant: False
2025-07-17 15:54:40,412 - INFO - 
4. GENERATING COMPREHENSIVE REPORT
2025-07-17 15:54:40,412 - INFO - ------------------------------
2025-07-17 15:54:40,412 - INFO - Generating comprehensive report...
2025-07-17 15:54:40,430 - INFO - Comprehensive report saved to results/
2025-07-17 15:54:40,430 - INFO - 
5. CREATING VISUALIZATIONS
2025-07-17 15:54:40,430 - INFO - ------------------------------
2025-07-17 15:54:40,430 - INFO - Creating summary visualizations...
2025-07-17 15:54:41,246 - INFO - Summary visualizations saved to results/summary_visualizations.png
2025-07-17 15:54:41,246 - INFO - 
============================================================
2025-07-17 15:54:41,246 - INFO - ANALYSIS COMPLETED SUCCESSFULLY!
2025-07-17 15:54:41,246 - INFO - ============================================================
2025-07-17 15:54:41,246 - INFO - Total execution time: 0:00:07.397778
2025-07-17 15:54:41,246 - INFO - Results saved in: results/
2025-07-17 15:54:41,246 - INFO - Analysis covered 13693 observations from 1986-01-08 to 2025-01-06
2025-07-17 15:56:49,961 - INFO - ============================================================
2025-07-17 15:56:49,962 - INFO - QUANTITATIVE EASING AND BOND MARKET DYNAMICS
2025-07-17 15:56:49,962 - INFO - Main Analysis Pipeline
2025-07-17 15:56:49,962 - INFO - ============================================================
2025-07-17 15:56:49,962 - INFO - 
1. DOWNLOADING DATA
2025-07-17 15:56:49,962 - INFO - ------------------------------
2025-07-17 15:56:49,962 - INFO - Using existing processed data. Delete data/processed to re-download.
2025-07-17 15:56:49,962 - INFO - 
2. LOADING AND PREPARING DATA
2025-07-17 15:56:49,962 - INFO - ------------------------------
2025-07-17 15:56:50,044 - INFO - Loaded us_panel: (35260, 33)
2025-07-17 15:56:50,156 - INFO - Loaded combined_panel: (35260, 80)
2025-07-17 15:56:50,196 - INFO - Loaded market_panel: (9129, 46)
2025-07-17 15:56:50,196 - INFO - Preparing data for analysis...
2025-07-17 15:56:50,253 - INFO - Data quality score: 45/100
2025-07-17 15:56:50,294 - INFO - Analysis dataset prepared: (13693, 84)
2025-07-17 15:56:50,294 - INFO - Date range: 1986-01-08 00:00:00 to 2025-01-06 00:00:00
2025-07-17 15:56:50,294 - INFO - 
3. RUNNING HYPOTHESIS TESTS
2025-07-17 15:56:50,295 - INFO - ------------------------------
2025-07-17 15:56:50,295 - INFO - ==================================================
2025-07-17 15:56:50,295 - INFO - RUNNING HYPOTHESIS TESTS
2025-07-17 15:56:50,295 - INFO - ==================================================
2025-07-17 15:56:50,295 - INFO - 
--- Testing Hypothesis 1: Threshold Effects ---
2025-07-17 15:56:50,295 - INFO - ==================================================
2025-07-17 15:56:50,295 - INFO - TESTING HYPOTHESIS 1: THRESHOLD EFFECTS ON YIELDS
2025-07-17 15:56:50,295 - INFO - ==================================================
2025-07-17 15:56:50,299 - INFO - Hypothesis 1 dataset prepared: (13692, 14)
2025-07-17 15:56:50,299 - INFO - QE intensity range: 0.000 to 0.067
2025-07-17 15:56:50,299 - INFO - Running Smooth Transition Regression (STR) analysis...
2025-07-17 15:56:50,301 - INFO - Running Hansen threshold regression analysis...
2025-07-17 15:56:56,195 - INFO - Hansen Results: Threshold = 0.003
2025-07-17 15:56:56,195 - INFO - Regime 1: 8568 obs, Regime 2: 5124 obs, R² = 0.001
2025-07-17 15:56:56,195 - INFO - Analyzing threshold mechanisms...
2025-07-17 15:56:56,195 - INFO - Creating Hypothesis 1 visualizations...
2025-07-17 15:56:57,445 - INFO - Hypothesis 1 supported: True
2025-07-17 15:56:57,446 - ERROR - Hypothesis 1 test failed: Unknown format code 'f' for object of type 'str'
2025-07-17 15:56:57,446 - INFO - 
--- Testing Hypothesis 2: Investment Effects ---
2025-07-17 15:56:57,446 - INFO - ==================================================
2025-07-17 15:56:57,446 - INFO - TESTING HYPOTHESIS 2: QE IMPACT ON INVESTMENT
2025-07-17 15:56:57,446 - INFO - ==================================================
2025-07-17 15:56:57,453 - INFO - Hypothesis 2 dataset prepared: (13688, 23)
2025-07-17 15:56:57,453 - INFO - Investment variable used: us_business_investment
2025-07-17 15:56:57,454 - INFO - Investment range: 596.55 to 4089.45
2025-07-17 15:56:57,454 - INFO - Running IV regression for investment equation...
2025-07-17 15:56:57,465 - ERROR - IV regression failed: 'numpy.ndarray' object has no attribute 'iloc'
2025-07-17 15:56:57,465 - INFO - Running local projections for dynamic effects...
2025-07-17 15:56:57,633 - INFO - Local Projections: Peak effect at horizon 12 = 1493.929
2025-07-17 15:56:57,633 - INFO - Testing robustness of investment results...
2025-07-17 15:56:57,665 - INFO - Running IV regression for investment equation...
2025-07-17 15:56:57,676 - ERROR - IV regression failed: 'numpy.ndarray' object has no attribute 'iloc'
2025-07-17 15:56:57,676 - INFO - Running IV regression for investment equation...
2025-07-17 15:56:57,692 - ERROR - IV regression failed: 'numpy.ndarray' object has no attribute 'iloc'
2025-07-17 15:56:57,692 - INFO - Running IV regression for investment equation...
2025-07-17 15:56:57,703 - ERROR - IV regression failed: 'numpy.ndarray' object has no attribute 'iloc'
2025-07-17 15:56:57,703 - INFO - Running IV regression for investment equation...
2025-07-17 15:56:57,711 - ERROR - IV regression failed: 'numpy.ndarray' object has no attribute 'iloc'
2025-07-17 15:56:57,735 - INFO - Creating Hypothesis 2 visualizations...
2025-07-17 15:56:58,580 - INFO - Hypothesis 2 supported: False
2025-07-17 15:56:58,580 - INFO - QE effect on investment: N/A
2025-07-17 15:56:58,580 - INFO - Investment effect significant: False
2025-07-17 15:56:58,581 - INFO - 
--- Testing Hypothesis 3: International Spillovers ---
2025-07-17 15:56:58,581 - INFO - ==================================================
2025-07-17 15:56:58,581 - INFO - TESTING HYPOTHESIS 3: INTERNATIONAL SPILLOVERS
2025-07-17 15:56:58,581 - INFO - ==================================================
2025-07-17 15:56:58,597 - INFO - Hypothesis 3 dataset prepared: (13693, 31)
2025-07-17 15:56:58,597 - INFO - Available foreign variables: ['foreign_holdings_growth', 'foreign_treasury_holdings', 'foreign_holdings_change']
2025-07-17 15:56:58,597 - INFO - Available FX variables: ['dxy', 'gbp_usd', 'eur_usd', 'jpy_usd', 'dxy_change', 'dxy_vol', 'gbp_usd_change', 'gbp_usd_vol', 'eur_usd_change', 'eur_usd_vol', 'jpy_usd_change', 'jpy_usd_vol']
2025-07-17 15:56:58,597 - INFO - Analyzing foreign holdings response to QE...
2025-07-17 15:56:58,602 - INFO - foreign_holdings_growth: QE coeff = 0.000 (p=nan)
2025-07-17 15:56:58,606 - INFO - foreign_treasury_holdings: QE coeff = -19.078 (p=0.248)
2025-07-17 15:56:58,610 - INFO - foreign_holdings_change: QE coeff = 0.000 (p=nan)
2025-07-17 15:56:58,610 - INFO - Analyzing exchange rate effects...
2025-07-17 15:56:58,612 - INFO - gbp_usd: QE coeff = 21.365, implies dollar weakening
2025-07-17 15:56:58,616 - INFO - eur_usd: QE coeff = 16.679, implies dollar weakening
2025-07-17 15:56:58,619 - INFO - jpy_usd: QE coeff = -3.324, implies dollar strengthening
2025-07-17 15:56:58,622 - INFO - dxy: QE coeff = -10.977, implies dollar weakening
2025-07-17 15:56:58,622 - INFO - Running Panel VAR analysis...
2025-07-17 15:56:58,637 - INFO - Running high-frequency identification...
2025-07-17 15:56:58,645 - INFO - Analyzing official vs private foreign flows...
2025-07-17 15:56:58,645 - INFO - Creating Hypothesis 3 visualizations...
2025-07-17 15:56:59,453 - INFO - Hypothesis 3 supported: False
2025-07-17 15:56:59,454 - INFO - Evidence count: 1
2025-07-17 15:56:59,454 - INFO - QE effect on foreign flows: N/A
2025-07-17 15:56:59,454 - INFO - Foreign flow effect significant: False
2025-07-17 15:56:59,454 - INFO - 
4. GENERATING COMPREHENSIVE REPORT
2025-07-17 15:56:59,454 - INFO - ------------------------------
2025-07-17 15:56:59,454 - INFO - Generating comprehensive report...
2025-07-17 15:56:59,458 - INFO - Comprehensive report saved to results/
2025-07-17 15:56:59,458 - INFO - 
5. CREATING VISUALIZATIONS
2025-07-17 15:56:59,458 - INFO - ------------------------------
2025-07-17 15:56:59,458 - INFO - Creating summary visualizations...
2025-07-17 15:57:00,283 - INFO - Summary visualizations saved to results/summary_visualizations.png
2025-07-17 15:57:00,283 - INFO - 
============================================================
2025-07-17 15:57:00,283 - INFO - ANALYSIS COMPLETED SUCCESSFULLY!
2025-07-17 15:57:00,283 - INFO - ============================================================
2025-07-17 15:57:00,283 - INFO - Total execution time: 0:00:10.321885
2025-07-17 15:57:00,283 - INFO - Results saved in: results/
2025-07-17 15:57:00,283 - INFO - Analysis covered 13693 observations from 1986-01-08 to 2025-01-06
2025-07-17 16:01:47,537 - INFO - ============================================================
2025-07-17 16:01:47,538 - INFO - QUANTITATIVE EASING AND BOND MARKET DYNAMICS
2025-07-17 16:01:47,538 - INFO - Main Analysis Pipeline
2025-07-17 16:01:47,538 - INFO - ============================================================
2025-07-17 16:01:47,538 - INFO - 
1. DOWNLOADING DATA
2025-07-17 16:01:47,538 - INFO - ------------------------------
2025-07-17 16:01:47,538 - INFO - Using existing processed data. Delete data/processed to re-download.
2025-07-17 16:01:47,538 - INFO - 
2. LOADING AND PREPARING DATA
2025-07-17 16:01:47,538 - INFO - ------------------------------
2025-07-17 16:01:47,629 - INFO - Loaded us_panel: (35260, 33)
2025-07-17 16:01:47,798 - INFO - Loaded combined_panel: (35260, 80)
2025-07-17 16:01:47,840 - INFO - Loaded market_panel: (9129, 46)
2025-07-17 16:01:47,840 - INFO - Preparing data for analysis...
2025-07-17 16:01:47,889 - INFO - Data quality score: 45/100
2025-07-17 16:01:47,925 - INFO - Analysis dataset prepared: (13693, 84)
2025-07-17 16:01:47,925 - INFO - Date range: 1986-01-08 00:00:00 to 2025-01-06 00:00:00
2025-07-17 16:01:47,926 - INFO - 
3. RUNNING HYPOTHESIS TESTS
2025-07-17 16:01:47,926 - INFO - ------------------------------
2025-07-17 16:01:47,926 - INFO - ==================================================
2025-07-17 16:01:47,926 - INFO - RUNNING HYPOTHESIS TESTS
2025-07-17 16:01:47,926 - INFO - ==================================================
2025-07-17 16:01:47,926 - INFO - 
--- Testing Hypothesis 1: Threshold Effects ---
2025-07-17 16:01:47,926 - INFO - ==================================================
2025-07-17 16:01:47,926 - INFO - TESTING HYPOTHESIS 1: THRESHOLD EFFECTS ON YIELDS
2025-07-17 16:01:47,926 - INFO - ==================================================
2025-07-17 16:01:47,930 - INFO - Hypothesis 1 dataset prepared: (13692, 14)
2025-07-17 16:01:47,931 - INFO - QE intensity range: 0.000 to 0.067
2025-07-17 16:01:47,931 - INFO - Running Smooth Transition Regression (STR) analysis...
2025-07-17 16:01:47,932 - INFO - Running Hansen threshold regression analysis...
2025-07-17 16:01:53,740 - INFO - Hansen Results: Threshold = 0.003
2025-07-17 16:01:53,740 - INFO - Regime 1: 8568 obs, Regime 2: 5124 obs, R² = 0.001
2025-07-17 16:01:53,740 - INFO - Analyzing threshold mechanisms...
2025-07-17 16:01:53,740 - INFO - Creating Hypothesis 1 visualizations...
2025-07-17 16:01:55,062 - INFO - Hypothesis 1 supported: True
2025-07-17 16:01:55,062 - INFO - STR threshold found at QE intensity: N/A
2025-07-17 16:01:55,062 - INFO - STR model significant: False
2025-07-17 16:01:55,062 - INFO - Hansen threshold: 0.003
2025-07-17 16:01:55,062 - INFO - 
--- Testing Hypothesis 2: Investment Effects ---
2025-07-17 16:01:55,062 - INFO - ==================================================
2025-07-17 16:01:55,062 - INFO - TESTING HYPOTHESIS 2: QE IMPACT ON INVESTMENT
2025-07-17 16:01:55,062 - INFO - ==================================================
2025-07-17 16:01:55,073 - INFO - Hypothesis 2 dataset prepared: (13688, 23)
2025-07-17 16:01:55,073 - INFO - Investment variable used: us_business_investment
2025-07-17 16:01:55,073 - INFO - Investment range: 596.55 to 4089.45
2025-07-17 16:01:55,073 - INFO - Running IV regression for investment equation...
2025-07-17 16:01:55,084 - ERROR - IV regression failed: Length of values (6) does not match length of index (5)
2025-07-17 16:01:55,084 - INFO - Running local projections for dynamic effects...
2025-07-17 16:01:55,232 - INFO - Local Projections: Peak effect at horizon 12 = 1493.929
2025-07-17 16:01:55,237 - INFO - Testing robustness of investment results...
2025-07-17 16:01:55,275 - INFO - Running IV regression for investment equation...
2025-07-17 16:01:55,286 - ERROR - IV regression failed: Length of values (6) does not match length of index (5)
2025-07-17 16:01:55,286 - INFO - Running IV regression for investment equation...
2025-07-17 16:01:55,314 - ERROR - IV regression failed: Length of values (6) does not match length of index (5)
2025-07-17 16:01:55,314 - INFO - Running IV regression for investment equation...
2025-07-17 16:01:55,329 - ERROR - IV regression failed: Length of values (6) does not match length of index (5)
2025-07-17 16:01:55,330 - INFO - Running IV regression for investment equation...
2025-07-17 16:01:55,343 - ERROR - IV regression failed: Length of values (6) does not match length of index (5)
2025-07-17 16:01:55,356 - INFO - Creating Hypothesis 2 visualizations...
2025-07-17 16:01:56,254 - INFO - Hypothesis 2 supported: False
2025-07-17 16:01:56,255 - INFO - QE effect on investment: N/A
2025-07-17 16:01:56,255 - INFO - Investment effect significant: False
2025-07-17 16:01:56,255 - INFO - 
--- Testing Hypothesis 3: International Spillovers ---
2025-07-17 16:01:56,255 - INFO - ==================================================
2025-07-17 16:01:56,255 - INFO - TESTING HYPOTHESIS 3: INTERNATIONAL SPILLOVERS
2025-07-17 16:01:56,255 - INFO - ==================================================
2025-07-17 16:01:56,296 - INFO - Hypothesis 3 dataset prepared: (13693, 31)
2025-07-17 16:01:56,296 - INFO - Available foreign variables: ['foreign_holdings_change', 'foreign_treasury_holdings', 'foreign_holdings_growth']
2025-07-17 16:01:56,296 - INFO - Available FX variables: ['jpy_usd', 'dxy', 'eur_usd', 'gbp_usd', 'jpy_usd_change', 'jpy_usd_vol', 'dxy_change', 'dxy_vol', 'eur_usd_change', 'eur_usd_vol', 'gbp_usd_change', 'gbp_usd_vol']
2025-07-17 16:01:56,296 - INFO - Analyzing foreign holdings response to QE...
2025-07-17 16:01:56,303 - INFO - foreign_holdings_change: QE coeff = 0.000 (p=nan)
2025-07-17 16:01:56,307 - INFO - foreign_treasury_holdings: QE coeff = -19.078 (p=0.248)
2025-07-17 16:01:56,310 - INFO - foreign_holdings_growth: QE coeff = 0.000 (p=nan)
2025-07-17 16:01:56,311 - INFO - Analyzing exchange rate effects...
2025-07-17 16:01:56,313 - INFO - jpy_usd: QE coeff = -3.324, implies dollar strengthening
2025-07-17 16:01:56,316 - INFO - eur_usd: QE coeff = 16.679, implies dollar weakening
2025-07-17 16:01:56,320 - INFO - gbp_usd: QE coeff = 21.365, implies dollar weakening
2025-07-17 16:01:56,323 - INFO - dxy: QE coeff = -10.977, implies dollar weakening
2025-07-17 16:01:56,323 - INFO - Running Panel VAR analysis...
2025-07-17 16:01:56,337 - INFO - Running high-frequency identification...
2025-07-17 16:01:56,345 - INFO - Analyzing official vs private foreign flows...
2025-07-17 16:01:56,345 - INFO - Creating Hypothesis 3 visualizations...
2025-07-17 16:01:57,146 - INFO - Hypothesis 3 supported: False
2025-07-17 16:01:57,147 - INFO - Evidence count: 1
2025-07-17 16:01:57,147 - INFO - QE effect on foreign flows: N/A
2025-07-17 16:01:57,147 - INFO - Foreign flow effect significant: False
2025-07-17 16:01:57,147 - INFO - 
4. GENERATING COMPREHENSIVE REPORT
2025-07-17 16:01:57,147 - INFO - ------------------------------
2025-07-17 16:01:57,147 - INFO - Generating comprehensive report...
2025-07-17 16:01:57,162 - INFO - Comprehensive report saved to results/
2025-07-17 16:01:57,163 - INFO - 
5. CREATING VISUALIZATIONS
2025-07-17 16:01:57,163 - INFO - ------------------------------
2025-07-17 16:01:57,163 - INFO - Creating summary visualizations...
2025-07-17 16:01:58,193 - INFO - Summary visualizations saved to results/summary_visualizations.png
2025-07-17 16:01:58,193 - INFO - 
============================================================
2025-07-17 16:01:58,193 - INFO - ANALYSIS COMPLETED SUCCESSFULLY!
2025-07-17 16:01:58,193 - INFO - ============================================================
2025-07-17 16:01:58,193 - INFO - Total execution time: 0:00:10.655884
2025-07-17 16:01:58,193 - INFO - Results saved in: results/
2025-07-17 16:01:58,193 - INFO - Analysis covered 13693 observations from 1986-01-08 to 2025-01-06
2025-07-17 16:01:58,193 - INFO - 
KEY FINDINGS:
2025-07-17 16:01:58,194 - INFO - • Hansen threshold regression confirms threshold at 0.3%
2025-07-17 16:01:58,194 - INFO - 
POLICY IMPLICATIONS:
2025-07-17 16:01:58,194 - INFO - • QE effectiveness has clear limits - policymakers should avoid excessive intervention
2025-07-17 16:02:14,044 - INFO - ============================================================
2025-07-17 16:02:14,044 - INFO - QUANTITATIVE EASING AND BOND MARKET DYNAMICS
2025-07-17 16:02:14,044 - INFO - Main Analysis Pipeline
2025-07-17 16:02:14,044 - INFO - ============================================================
2025-07-17 16:02:14,044 - INFO - 
1. DOWNLOADING DATA
2025-07-17 16:02:14,044 - INFO - ------------------------------
2025-07-17 16:02:14,044 - INFO - Using existing processed data. Delete data/processed to re-download.
2025-07-17 16:02:14,045 - INFO - 
2. LOADING AND PREPARING DATA
2025-07-17 16:02:14,045 - INFO - ------------------------------
2025-07-17 16:02:14,112 - INFO - Loaded us_panel: (35260, 33)
2025-07-17 16:02:14,225 - INFO - Loaded combined_panel: (35260, 80)
2025-07-17 16:02:14,265 - INFO - Loaded market_panel: (9129, 46)
2025-07-17 16:02:14,265 - INFO - Preparing data for analysis...
2025-07-17 16:02:14,334 - INFO - Data quality score: 45/100
2025-07-17 16:02:14,366 - INFO - Analysis dataset prepared: (13693, 84)
2025-07-17 16:02:14,366 - INFO - Date range: 1986-01-08 00:00:00 to 2025-01-06 00:00:00
2025-07-17 16:02:14,367 - INFO - 
3. RUNNING HYPOTHESIS TESTS
2025-07-17 16:02:14,367 - INFO - ------------------------------
2025-07-17 16:02:14,367 - INFO - ==================================================
2025-07-17 16:02:14,367 - INFO - RUNNING HYPOTHESIS TESTS
2025-07-17 16:02:14,367 - INFO - ==================================================
2025-07-17 16:02:14,367 - INFO - 
--- Testing Hypothesis 1: Threshold Effects ---
2025-07-17 16:02:14,367 - INFO - ==================================================
2025-07-17 16:02:14,367 - INFO - TESTING HYPOTHESIS 1: THRESHOLD EFFECTS ON YIELDS
2025-07-17 16:02:14,367 - INFO - ==================================================
2025-07-17 16:02:14,371 - INFO - Hypothesis 1 dataset prepared: (13692, 14)
2025-07-17 16:02:14,371 - INFO - QE intensity range: 0.000 to 0.067
2025-07-17 16:02:14,371 - INFO - Running Smooth Transition Regression (STR) analysis...
2025-07-17 16:02:14,373 - INFO - Running Hansen threshold regression analysis...
2025-07-17 16:02:20,310 - INFO - Hansen Results: Threshold = 0.003
2025-07-17 16:02:20,310 - INFO - Regime 1: 8568 obs, Regime 2: 5124 obs, R² = 0.001
2025-07-17 16:02:20,310 - INFO - Analyzing threshold mechanisms...
2025-07-17 16:02:20,310 - INFO - Creating Hypothesis 1 visualizations...
2025-07-17 16:02:21,185 - INFO - Hypothesis 1 supported: True
2025-07-17 16:02:21,186 - INFO - STR threshold found at QE intensity: N/A
2025-07-17 16:02:21,186 - INFO - STR model significant: False
2025-07-17 16:02:21,186 - INFO - Hansen threshold: 0.003
2025-07-17 16:02:21,186 - INFO - 
--- Testing Hypothesis 2: Investment Effects ---
2025-07-17 16:02:21,186 - INFO - ==================================================
2025-07-17 16:02:21,186 - INFO - TESTING HYPOTHESIS 2: QE IMPACT ON INVESTMENT
2025-07-17 16:02:21,186 - INFO - ==================================================
2025-07-17 16:02:21,194 - INFO - Hypothesis 2 dataset prepared: (13688, 23)
2025-07-17 16:02:21,194 - INFO - Investment variable used: us_business_investment
2025-07-17 16:02:21,194 - INFO - Investment range: 596.55 to 4089.45
2025-07-17 16:02:21,195 - INFO - Running IV regression for investment equation...
2025-07-17 16:02:21,205 - INFO - IV Results: QE coeff = 0.046 (p=0.000)
2025-07-17 16:02:21,205 - INFO - Yield coeff = 6.253 (p=0.000)
2025-07-17 16:02:21,205 - INFO - R² = 0.967
2025-07-17 16:02:21,205 - INFO - Running local projections for dynamic effects...
2025-07-17 16:02:21,350 - INFO - Local Projections: Peak effect at horizon 12 = 1493.929
2025-07-17 16:02:21,354 - INFO - Analyzing investment channels...
2025-07-17 16:02:21,363 - INFO - Testing robustness of investment results...
2025-07-17 16:02:21,384 - INFO - Running IV regression for investment equation...
2025-07-17 16:02:21,391 - INFO - IV Results: QE coeff = 0.073 (p=0.000)
2025-07-17 16:02:21,391 - INFO - Yield coeff = 6.408 (p=0.000)
2025-07-17 16:02:21,391 - INFO - R² = 0.396
2025-07-17 16:02:21,391 - INFO - Running IV regression for investment equation...
2025-07-17 16:02:21,404 - INFO - IV Results: QE coeff = 0.039 (p=0.000)
2025-07-17 16:02:21,404 - INFO - Yield coeff = 6.293 (p=0.000)
2025-07-17 16:02:21,404 - INFO - R² = 0.954
2025-07-17 16:02:21,404 - INFO - Running IV regression for investment equation...
2025-07-17 16:02:21,416 - INFO - IV Results: QE coeff = 0.060 (p=0.000)
2025-07-17 16:02:21,416 - INFO - Yield coeff = 6.128 (p=0.000)
2025-07-17 16:02:21,416 - INFO - R² = 0.841
2025-07-17 16:02:21,416 - INFO - Running IV regression for investment equation...
2025-07-17 16:02:21,432 - INFO - IV Results: QE coeff = 0.025 (p=0.000)
2025-07-17 16:02:21,432 - INFO - Yield coeff = 6.290 (p=0.000)
2025-07-17 16:02:21,432 - INFO - R² = 0.988
2025-07-17 16:02:21,453 - INFO - Creating Hypothesis 2 visualizations...
2025-07-17 16:02:22,360 - INFO - Hypothesis 2 supported: False
2025-07-17 16:02:22,360 - INFO - QE effect on investment: 0.0456152686049307
2025-07-17 16:02:22,360 - INFO - Investment effect significant: True
2025-07-17 16:02:22,360 - INFO - 
--- Testing Hypothesis 3: International Spillovers ---
2025-07-17 16:02:22,360 - INFO - ==================================================
2025-07-17 16:02:22,360 - INFO - TESTING HYPOTHESIS 3: INTERNATIONAL SPILLOVERS
2025-07-17 16:02:22,360 - INFO - ==================================================
2025-07-17 16:02:22,377 - INFO - Hypothesis 3 dataset prepared: (13693, 31)
2025-07-17 16:02:22,378 - INFO - Available foreign variables: ['foreign_treasury_holdings', 'foreign_holdings_change', 'foreign_holdings_growth']
2025-07-17 16:02:22,378 - INFO - Available FX variables: ['jpy_usd', 'gbp_usd', 'dxy', 'eur_usd', 'jpy_usd_change', 'jpy_usd_vol', 'gbp_usd_change', 'gbp_usd_vol', 'dxy_change', 'dxy_vol', 'eur_usd_change', 'eur_usd_vol']
2025-07-17 16:02:22,378 - INFO - Analyzing foreign holdings response to QE...
2025-07-17 16:02:22,382 - INFO - foreign_treasury_holdings: QE coeff = -19.078 (p=0.248)
2025-07-17 16:02:22,388 - INFO - foreign_holdings_change: QE coeff = 0.000 (p=nan)
2025-07-17 16:02:22,392 - INFO - foreign_holdings_growth: QE coeff = 0.000 (p=nan)
2025-07-17 16:02:22,392 - INFO - Analyzing exchange rate effects...
2025-07-17 16:02:22,396 - INFO - jpy_usd: QE coeff = -3.324, implies dollar strengthening
2025-07-17 16:02:22,399 - INFO - gbp_usd: QE coeff = 21.365, implies dollar weakening
2025-07-17 16:02:22,402 - INFO - eur_usd: QE coeff = 16.679, implies dollar weakening
2025-07-17 16:02:22,404 - INFO - dxy: QE coeff = -10.977, implies dollar weakening
2025-07-17 16:02:22,405 - INFO - Running Panel VAR analysis...
2025-07-17 16:02:22,416 - INFO - Running high-frequency identification...
2025-07-17 16:02:22,424 - INFO - Analyzing official vs private foreign flows...
2025-07-17 16:02:22,424 - INFO - Creating Hypothesis 3 visualizations...
2025-07-17 16:02:23,220 - INFO - Hypothesis 3 supported: False
2025-07-17 16:02:23,220 - INFO - Evidence count: 1
2025-07-17 16:02:23,220 - INFO - QE effect on foreign flows: N/A
2025-07-17 16:02:23,220 - INFO - Foreign flow effect significant: False
2025-07-17 16:02:23,220 - INFO - 
4. GENERATING COMPREHENSIVE REPORT
2025-07-17 16:02:23,220 - INFO - ------------------------------
2025-07-17 16:02:23,220 - INFO - Generating comprehensive report...
2025-07-17 16:02:23,225 - INFO - Comprehensive report saved to results/
2025-07-17 16:02:23,225 - INFO - 
5. CREATING VISUALIZATIONS
2025-07-17 16:02:23,225 - INFO - ------------------------------
2025-07-17 16:02:23,225 - INFO - Creating summary visualizations...
2025-07-17 16:02:24,169 - INFO - Summary visualizations saved to results/summary_visualizations.png
2025-07-17 16:02:24,169 - INFO - 
============================================================
2025-07-17 16:02:24,169 - INFO - ANALYSIS COMPLETED SUCCESSFULLY!
2025-07-17 16:02:24,169 - INFO - ============================================================
2025-07-17 16:02:24,169 - INFO - Total execution time: 0:00:10.124842
2025-07-17 16:02:24,169 - INFO - Results saved in: results/
2025-07-17 16:02:24,169 - INFO - Analysis covered 13693 observations from 1986-01-08 to 2025-01-06
2025-07-17 16:02:24,169 - INFO - 
KEY FINDINGS:
2025-07-17 16:02:24,169 - INFO - • Hansen threshold regression confirms threshold at 0.3%
2025-07-17 16:02:24,169 - INFO - • QE significantly affects investment with coefficient 0.046
2025-07-17 16:02:24,169 - INFO - 
POLICY IMPLICATIONS:
2025-07-17 16:02:24,169 - INFO - • QE effectiveness has clear limits - policymakers should avoid excessive intervention
2025-07-17 16:02:24,169 - INFO - • QE may have unintended consequences for long-term private investment
2025-07-17 16:02:59,079 - INFO - ============================================================
2025-07-17 16:02:59,080 - INFO - QUANTITATIVE EASING AND BOND MARKET DYNAMICS
2025-07-17 16:02:59,080 - INFO - Main Analysis Pipeline
2025-07-17 16:02:59,080 - INFO - ============================================================
2025-07-17 16:02:59,080 - INFO - 
1. DOWNLOADING DATA
2025-07-17 16:02:59,080 - INFO - ------------------------------
2025-07-17 16:02:59,080 - INFO - Using existing processed data. Delete data/processed to re-download.
2025-07-17 16:02:59,080 - INFO - 
2. LOADING AND PREPARING DATA
2025-07-17 16:02:59,080 - INFO - ------------------------------
2025-07-17 16:02:59,142 - INFO - Loaded us_panel: (35260, 33)
2025-07-17 16:02:59,265 - INFO - Loaded combined_panel: (35260, 80)
2025-07-17 16:02:59,304 - INFO - Loaded market_panel: (9129, 46)
2025-07-17 16:02:59,304 - INFO - Preparing data for analysis...
2025-07-17 16:02:59,354 - INFO - Data quality score: 45/100
2025-07-17 16:02:59,389 - INFO - Analysis dataset prepared: (13693, 84)
2025-07-17 16:02:59,389 - INFO - Date range: 1986-01-08 00:00:00 to 2025-01-06 00:00:00
2025-07-17 16:02:59,389 - INFO - 
3. RUNNING HYPOTHESIS TESTS
2025-07-17 16:02:59,389 - INFO - ------------------------------
2025-07-17 16:02:59,389 - INFO - ==================================================
2025-07-17 16:02:59,390 - INFO - RUNNING HYPOTHESIS TESTS
2025-07-17 16:02:59,390 - INFO - ==================================================
2025-07-17 16:02:59,390 - INFO - 
--- Testing Hypothesis 1: Threshold Effects ---
2025-07-17 16:02:59,390 - INFO - ==================================================
2025-07-17 16:02:59,390 - INFO - TESTING HYPOTHESIS 1: THRESHOLD EFFECTS ON YIELDS
2025-07-17 16:02:59,390 - INFO - ==================================================
2025-07-17 16:02:59,394 - INFO - Hypothesis 1 dataset prepared: (13692, 14)
2025-07-17 16:02:59,394 - INFO - QE intensity range: 0.000 to 0.067
2025-07-17 16:02:59,394 - INFO - Running Smooth Transition Regression (STR) analysis...
2025-07-17 16:02:59,396 - INFO - Running Hansen threshold regression analysis...
2025-07-17 16:03:04,891 - INFO - Hansen Results: Threshold = 0.003
2025-07-17 16:03:04,891 - INFO - Regime 1: 8568 obs, Regime 2: 5124 obs, R² = 0.001
2025-07-17 16:03:04,891 - INFO - Analyzing threshold mechanisms...
2025-07-17 16:03:04,891 - INFO - Creating Hypothesis 1 visualizations...
2025-07-17 16:03:05,701 - INFO - Hypothesis 1 supported: True
2025-07-17 16:03:05,701 - INFO - STR threshold found at QE intensity: N/A
2025-07-17 16:03:05,701 - INFO - STR model significant: False
2025-07-17 16:03:05,701 - INFO - Hansen threshold: 0.003
2025-07-17 16:03:05,701 - INFO - 
--- Testing Hypothesis 2: Investment Effects ---
2025-07-17 16:03:05,701 - INFO - ==================================================
2025-07-17 16:03:05,701 - INFO - TESTING HYPOTHESIS 2: QE IMPACT ON INVESTMENT
2025-07-17 16:03:05,701 - INFO - ==================================================
2025-07-17 16:03:05,709 - INFO - Hypothesis 2 dataset prepared: (13688, 23)
2025-07-17 16:03:05,709 - INFO - Investment variable used: us_business_investment
2025-07-17 16:03:05,709 - INFO - Investment range: 596.55 to 4089.45
2025-07-17 16:03:05,709 - INFO - Running IV regression for investment equation...
2025-07-17 16:03:05,720 - INFO - IV Results: QE coeff = 0.046 (p=0.000)
2025-07-17 16:03:05,720 - INFO - Yield coeff = 6.253 (p=0.000)
2025-07-17 16:03:05,720 - INFO - R² = 0.967
2025-07-17 16:03:05,720 - INFO - Running local projections for dynamic effects...
2025-07-17 16:03:05,887 - INFO - Local Projections: Peak effect at horizon 12 = 1493.929
2025-07-17 16:03:05,887 - INFO - Analyzing investment channels...
2025-07-17 16:03:05,897 - INFO - Testing robustness of investment results...
2025-07-17 16:03:05,922 - INFO - Running IV regression for investment equation...
2025-07-17 16:03:05,943 - INFO - IV Results: QE coeff = 0.073 (p=0.000)
2025-07-17 16:03:05,943 - INFO - Yield coeff = 6.408 (p=0.000)
2025-07-17 16:03:05,943 - INFO - R² = 0.396
2025-07-17 16:03:05,943 - INFO - Running IV regression for investment equation...
2025-07-17 16:03:05,958 - INFO - IV Results: QE coeff = 0.039 (p=0.000)
2025-07-17 16:03:05,959 - INFO - Yield coeff = 6.293 (p=0.000)
2025-07-17 16:03:05,959 - INFO - R² = 0.954
2025-07-17 16:03:05,959 - INFO - Running IV regression for investment equation...
2025-07-17 16:03:05,973 - INFO - IV Results: QE coeff = 0.060 (p=0.000)
2025-07-17 16:03:05,973 - INFO - Yield coeff = 6.128 (p=0.000)
2025-07-17 16:03:05,973 - INFO - R² = 0.841
2025-07-17 16:03:05,974 - INFO - Running IV regression for investment equation...
2025-07-17 16:03:05,986 - INFO - IV Results: QE coeff = 0.025 (p=0.000)
2025-07-17 16:03:05,987 - INFO - Yield coeff = 6.290 (p=0.000)
2025-07-17 16:03:05,987 - INFO - R² = 0.988
2025-07-17 16:03:06,008 - INFO - Creating Hypothesis 2 visualizations...
2025-07-17 16:03:06,897 - INFO - Hypothesis 2 supported: False
2025-07-17 16:03:06,898 - INFO - QE effect on investment: 0.0456152686049307
2025-07-17 16:03:06,898 - INFO - Investment effect significant: True
2025-07-17 16:03:06,898 - INFO - 
--- Testing Hypothesis 3: International Spillovers ---
2025-07-17 16:03:06,898 - INFO - ==================================================
2025-07-17 16:03:06,898 - INFO - TESTING HYPOTHESIS 3: INTERNATIONAL SPILLOVERS
2025-07-17 16:03:06,898 - INFO - ==================================================
2025-07-17 16:03:06,914 - INFO - Hypothesis 3 dataset prepared: (13693, 31)
2025-07-17 16:03:06,914 - INFO - Available foreign variables: ['foreign_holdings_change', 'foreign_treasury_holdings', 'foreign_holdings_growth']
2025-07-17 16:03:06,914 - INFO - Available FX variables: ['jpy_usd', 'gbp_usd', 'eur_usd', 'dxy', 'jpy_usd_change', 'jpy_usd_vol', 'gbp_usd_change', 'gbp_usd_vol', 'eur_usd_change', 'eur_usd_vol', 'dxy_change', 'dxy_vol']
2025-07-17 16:03:06,914 - INFO - Analyzing foreign holdings response to QE...
2025-07-17 16:03:06,919 - INFO - foreign_holdings_change: QE coeff = 0.000 (p=nan)
2025-07-17 16:03:06,924 - INFO - foreign_treasury_holdings: QE coeff = -19.078 (p=0.248)
2025-07-17 16:03:06,929 - INFO - foreign_holdings_growth: QE coeff = 0.000 (p=nan)
2025-07-17 16:03:06,929 - INFO - Analyzing exchange rate effects...
2025-07-17 16:03:06,932 - INFO - jpy_usd: QE coeff = -3.324, implies dollar strengthening
2025-07-17 16:03:06,935 - INFO - gbp_usd: QE coeff = 21.365, implies dollar weakening
2025-07-17 16:03:06,938 - INFO - eur_usd: QE coeff = 16.679, implies dollar weakening
2025-07-17 16:03:06,941 - INFO - dxy: QE coeff = -10.977, implies dollar weakening
2025-07-17 16:03:06,941 - INFO - Running Panel VAR analysis...
2025-07-17 16:03:06,954 - INFO - Running high-frequency identification...
2025-07-17 16:03:06,961 - INFO - Analyzing official vs private foreign flows...
2025-07-17 16:03:06,961 - INFO - Creating Hypothesis 3 visualizations...
2025-07-17 16:03:07,725 - INFO - Hypothesis 3 supported: False
2025-07-17 16:03:07,725 - INFO - Evidence count: 1
2025-07-17 16:03:07,725 - INFO - QE effect on foreign flows: N/A
2025-07-17 16:03:07,725 - INFO - Foreign flow effect significant: False
2025-07-17 16:03:07,725 - INFO - 
4. GENERATING COMPREHENSIVE REPORT
2025-07-17 16:03:07,725 - INFO - ------------------------------
2025-07-17 16:03:07,725 - INFO - Generating comprehensive report...
2025-07-17 16:03:07,728 - INFO - Comprehensive report saved to results/
2025-07-17 16:03:07,729 - INFO - 
5. CREATING VISUALIZATIONS
2025-07-17 16:03:07,729 - INFO - ------------------------------
2025-07-17 16:03:07,729 - INFO - Creating summary visualizations...
2025-07-17 16:03:08,693 - INFO - Summary visualizations saved to results/summary_visualizations.png
2025-07-17 16:03:08,693 - INFO - 
============================================================
2025-07-17 16:03:08,693 - INFO - ANALYSIS COMPLETED SUCCESSFULLY!
2025-07-17 16:03:08,693 - INFO - ============================================================
2025-07-17 16:03:08,693 - INFO - Total execution time: 0:00:09.613677
2025-07-17 16:03:08,693 - INFO - Results saved in: results/
2025-07-17 16:03:08,693 - INFO - Analysis covered 13693 observations from 1986-01-08 to 2025-01-06
2025-07-17 16:03:08,694 - INFO - 
KEY FINDINGS:
2025-07-17 16:03:08,694 - INFO - • Hansen threshold regression confirms threshold at 0.3%
2025-07-17 16:03:08,694 - INFO - • QE significantly affects investment with coefficient 0.046
2025-07-17 16:03:08,694 - INFO - 
POLICY IMPLICATIONS:
2025-07-17 16:03:08,694 - INFO - • QE effectiveness has clear limits - policymakers should avoid excessive intervention
2025-07-17 16:03:08,694 - INFO - • QE may have unintended consequences for long-term private investment
2025-07-17 16:13:44,485 - INFO - ============================================================
2025-07-17 16:13:44,485 - INFO - QUANTITATIVE EASING AND BOND MARKET DYNAMICS
2025-07-17 16:13:44,485 - INFO - Main Analysis Pipeline
2025-07-17 16:13:44,485 - INFO - ============================================================
2025-07-17 16:13:44,485 - INFO - 
1. DOWNLOADING DATA
2025-07-17 16:13:44,485 - INFO - ------------------------------
2025-07-17 16:13:44,485 - INFO - Using existing processed data. Delete data/processed to re-download.
2025-07-17 16:13:44,485 - INFO - 
2. LOADING AND PREPARING DATA
2025-07-17 16:13:44,486 - INFO - ------------------------------
2025-07-17 16:13:44,571 - INFO - Loaded us_panel: (35260, 33)
2025-07-17 16:13:44,715 - INFO - Loaded combined_panel: (35260, 80)
2025-07-17 16:13:44,755 - INFO - Loaded market_panel: (9129, 46)
2025-07-17 16:13:44,756 - INFO - Preparing data for analysis...
2025-07-17 16:13:44,810 - INFO - Data quality score: 45/100
2025-07-17 16:13:44,872 - INFO - Analysis dataset prepared: (13693, 84)
2025-07-17 16:13:44,873 - INFO - Date range: 1986-01-08 00:00:00 to 2025-01-06 00:00:00
2025-07-17 16:13:44,873 - INFO - 
3. RUNNING HYPOTHESIS TESTS
2025-07-17 16:13:44,874 - INFO - ------------------------------
2025-07-17 16:13:44,874 - INFO - ==================================================
2025-07-17 16:13:44,874 - INFO - RUNNING HYPOTHESIS TESTS
2025-07-17 16:13:44,874 - INFO - ==================================================
2025-07-17 16:13:44,874 - INFO - 
--- Testing Hypothesis 1: Threshold Effects ---
2025-07-17 16:13:44,874 - INFO - ==================================================
2025-07-17 16:13:44,874 - INFO - TESTING HYPOTHESIS 1: THRESHOLD EFFECTS ON YIELDS
2025-07-17 16:13:44,874 - INFO - ==================================================
2025-07-17 16:13:44,878 - INFO - Hypothesis 1 dataset prepared: (13692, 14)
2025-07-17 16:13:44,878 - INFO - QE intensity range: 0.000 to 0.067
2025-07-17 16:13:44,878 - INFO - Running Smooth Transition Regression (STR) analysis...
2025-07-17 16:13:44,880 - INFO - Running Hansen threshold regression analysis...
2025-07-17 16:13:50,799 - INFO - Hansen Results: Threshold = 0.003
2025-07-17 16:13:50,799 - INFO - Regime 1: 8568 obs, Regime 2: 5124 obs, R² = 0.001
2025-07-17 16:13:50,799 - INFO - Analyzing threshold mechanisms...
2025-07-17 16:13:50,799 - INFO - Creating Hypothesis 1 visualizations...
2025-07-17 16:13:51,943 - INFO - Hypothesis 1 supported: True
2025-07-17 16:13:51,943 - INFO - STR threshold found at QE intensity: N/A
2025-07-17 16:13:51,943 - INFO - STR model significant: False
2025-07-17 16:13:51,943 - INFO - Hansen threshold: 0.003
2025-07-17 16:13:51,943 - INFO - 
--- Testing Hypothesis 2: Investment Effects ---
2025-07-17 16:13:51,943 - INFO - ==================================================
2025-07-17 16:13:51,943 - INFO - TESTING HYPOTHESIS 2: QE IMPACT ON INVESTMENT
2025-07-17 16:13:51,943 - INFO - ==================================================
2025-07-17 16:13:51,951 - INFO - Hypothesis 2 dataset prepared: (13688, 23)
2025-07-17 16:13:51,951 - INFO - Investment variable used: us_business_investment
2025-07-17 16:13:51,951 - INFO - Investment range: 596.55 to 4089.45
2025-07-17 16:13:51,952 - INFO - Running IV regression for investment equation...
2025-07-17 16:13:51,962 - INFO - IV Results: QE coeff = -3.676 (p=0.009)
2025-07-17 16:13:51,962 - INFO - Yield coeff = 0.046 (p=0.000)
2025-07-17 16:13:51,962 - INFO - R² = 0.967
2025-07-17 16:13:51,962 - INFO - Running local projections for dynamic effects...
2025-07-17 16:13:52,115 - INFO - Local Projections: Peak effect at horizon 12 = 1493.929
2025-07-17 16:13:52,115 - INFO - Analyzing investment channels...
2025-07-17 16:13:52,123 - INFO - Testing robustness of investment results...
2025-07-17 16:13:52,142 - INFO - Running IV regression for investment equation...
2025-07-17 16:13:52,151 - INFO - IV Results: QE coeff = -1946.560 (p=0.316)
2025-07-17 16:13:52,151 - INFO - Yield coeff = 0.073 (p=0.000)
2025-07-17 16:13:52,151 - INFO - R² = 0.396
2025-07-17 16:13:52,151 - INFO - Running IV regression for investment equation...
2025-07-17 16:13:52,166 - INFO - IV Results: QE coeff = -4.388 (p=0.001)
2025-07-17 16:13:52,167 - INFO - Yield coeff = 0.039 (p=0.000)
2025-07-17 16:13:52,167 - INFO - R² = 0.954
2025-07-17 16:13:52,167 - INFO - Running IV regression for investment equation...
2025-07-17 16:13:52,177 - INFO - IV Results: QE coeff = -798.479 (p=0.000)
2025-07-17 16:13:52,178 - INFO - Yield coeff = 0.060 (p=0.000)
2025-07-17 16:13:52,178 - INFO - R² = 0.841
2025-07-17 16:13:52,178 - INFO - Running IV regression for investment equation...
2025-07-17 16:13:52,185 - INFO - IV Results: QE coeff = -6.819 (p=0.000)
2025-07-17 16:13:52,185 - INFO - Yield coeff = 0.025 (p=0.000)
2025-07-17 16:13:52,185 - INFO - R² = 0.988
2025-07-17 16:13:52,203 - INFO - Creating Hypothesis 2 visualizations...
2025-07-17 16:13:53,127 - INFO - Hypothesis 2 supported: True
2025-07-17 16:13:53,127 - INFO - QE effect on investment: -3.675861785083533
2025-07-17 16:13:53,127 - INFO - Investment effect significant: True
2025-07-17 16:13:53,127 - INFO - 
--- Testing Hypothesis 3: International Spillovers ---
2025-07-17 16:13:53,127 - INFO - ==================================================
2025-07-17 16:13:53,127 - INFO - TESTING HYPOTHESIS 3: INTERNATIONAL SPILLOVERS
2025-07-17 16:13:53,127 - INFO - ==================================================
2025-07-17 16:13:53,144 - INFO - Hypothesis 3 dataset prepared: (13693, 31)
2025-07-17 16:13:53,144 - INFO - Available foreign variables: ['foreign_treasury_holdings', 'foreign_holdings_growth', 'foreign_holdings_change']
2025-07-17 16:13:53,144 - INFO - Available FX variables: ['eur_usd', 'dxy', 'jpy_usd', 'gbp_usd', 'eur_usd_change', 'eur_usd_vol', 'dxy_change', 'dxy_vol', 'jpy_usd_change', 'jpy_usd_vol', 'gbp_usd_change', 'gbp_usd_vol']
2025-07-17 16:13:53,144 - INFO - Analyzing foreign holdings response to QE...
2025-07-17 16:13:53,151 - INFO - foreign_treasury_holdings: QE coeff = -19.078 (p=0.248)
2025-07-17 16:13:53,156 - INFO - foreign_holdings_growth: QE coeff = 0.000 (p=nan)
2025-07-17 16:13:53,160 - INFO - foreign_holdings_change: QE coeff = 0.000 (p=nan)
2025-07-17 16:13:53,160 - INFO - Analyzing exchange rate effects...
2025-07-17 16:13:53,163 - INFO - eur_usd: QE coeff = 16.679, implies dollar weakening
2025-07-17 16:13:53,168 - INFO - jpy_usd: QE coeff = -3.324, implies dollar strengthening
2025-07-17 16:13:53,173 - INFO - gbp_usd: QE coeff = 21.365, implies dollar weakening
2025-07-17 16:13:53,175 - INFO - dxy: QE coeff = -10.977, implies dollar weakening
2025-07-17 16:13:53,176 - INFO - Running Panel VAR analysis...
2025-07-17 16:13:53,189 - INFO - Running high-frequency identification...
2025-07-17 16:13:53,197 - INFO - Analyzing official vs private foreign flows...
2025-07-17 16:13:53,197 - INFO - Creating Hypothesis 3 visualizations...
2025-07-17 16:13:54,094 - INFO - Hypothesis 3 supported: False
2025-07-17 16:13:54,095 - INFO - Evidence count: 1
2025-07-17 16:13:54,095 - INFO - QE effect on foreign flows: N/A
2025-07-17 16:13:54,095 - INFO - Foreign flow effect significant: False
2025-07-17 16:13:54,095 - INFO - 
4. GENERATING COMPREHENSIVE REPORT
2025-07-17 16:13:54,095 - INFO - ------------------------------
2025-07-17 16:13:54,095 - INFO - Generating comprehensive report...
2025-07-17 16:13:54,099 - INFO - Comprehensive report saved to results/
2025-07-17 16:13:54,099 - INFO - 
5. CREATING VISUALIZATIONS
2025-07-17 16:13:54,099 - INFO - ------------------------------
2025-07-17 16:13:54,099 - INFO - Creating summary visualizations...
2025-07-17 16:13:55,115 - INFO - Summary visualizations saved to results/summary_visualizations.png
2025-07-17 16:13:55,115 - INFO - 
============================================================
2025-07-17 16:13:55,115 - INFO - ANALYSIS COMPLETED SUCCESSFULLY!
2025-07-17 16:13:55,115 - INFO - ============================================================
2025-07-17 16:13:55,115 - INFO - Total execution time: 0:00:10.630062
2025-07-17 16:13:55,115 - INFO - Results saved in: results/
2025-07-17 16:13:55,115 - INFO - Analysis covered 13693 observations from 1986-01-08 to 2025-01-06
2025-07-17 16:13:55,115 - INFO - 
KEY FINDINGS:
2025-07-17 16:13:55,115 - INFO - • Hansen threshold regression confirms threshold at 0.3%
2025-07-17 16:13:55,115 - INFO - • QE significantly affects investment with coefficient -3.676
2025-07-17 16:13:55,115 - INFO - 
POLICY IMPLICATIONS:
2025-07-17 16:13:55,115 - INFO - • QE effectiveness has clear limits - policymakers should avoid excessive intervention
2025-07-17 16:13:55,115 - INFO - • QE may have unintended consequences for long-term private investment
2025-07-17 16:16:25,674 - INFO - ============================================================
2025-07-17 16:16:25,674 - INFO - QUANTITATIVE EASING AND BOND MARKET DYNAMICS
2025-07-17 16:16:25,674 - INFO - Main Analysis Pipeline
2025-07-17 16:16:25,674 - INFO - ============================================================
2025-07-17 16:16:25,674 - INFO - 
1. DOWNLOADING DATA
2025-07-17 16:16:25,674 - INFO - ------------------------------
2025-07-17 16:16:25,674 - INFO - Using existing processed data. Delete data/processed to re-download.
2025-07-17 16:16:25,674 - INFO - 
2. LOADING AND PREPARING DATA
2025-07-17 16:16:25,674 - INFO - ------------------------------
2025-07-17 16:16:25,747 - INFO - Loaded us_panel: (35260, 33)
2025-07-17 16:16:25,876 - INFO - Loaded combined_panel: (35260, 80)
2025-07-17 16:16:25,912 - INFO - Loaded market_panel: (9129, 46)
2025-07-17 16:16:25,912 - INFO - Preparing data for analysis...
2025-07-17 16:16:25,976 - INFO - Data quality score: 45/100
2025-07-17 16:16:26,016 - INFO - Analysis dataset prepared: (13693, 84)
2025-07-17 16:16:26,017 - INFO - Date range: 1986-01-08 00:00:00 to 2025-01-06 00:00:00
2025-07-17 16:16:26,017 - INFO - 
3. RUNNING HYPOTHESIS TESTS
2025-07-17 16:16:26,017 - INFO - ------------------------------
2025-07-17 16:16:26,017 - INFO - ==================================================
2025-07-17 16:16:26,017 - INFO - RUNNING HYPOTHESIS TESTS
2025-07-17 16:16:26,017 - INFO - ==================================================
2025-07-17 16:16:26,017 - INFO - 
--- Testing Hypothesis 1: Threshold Effects ---
2025-07-17 16:16:26,017 - INFO - ==================================================
2025-07-17 16:16:26,017 - INFO - TESTING HYPOTHESIS 1: THRESHOLD EFFECTS ON YIELDS
2025-07-17 16:16:26,018 - INFO - ==================================================
2025-07-17 16:16:26,022 - INFO - Hypothesis 1 dataset prepared: (13692, 14)
2025-07-17 16:16:26,022 - INFO - QE intensity range: 0.000 to 0.067
2025-07-17 16:16:26,023 - INFO - Running Smooth Transition Regression (STR) analysis...
2025-07-17 16:16:26,025 - INFO - Running Hansen threshold regression analysis...
2025-07-17 16:16:32,177 - INFO - Hansen Results: Threshold = 0.003
2025-07-17 16:16:32,177 - INFO - Regime 1: 8568 obs, Regime 2: 5124 obs, R² = 0.001
2025-07-17 16:16:32,177 - INFO - Analyzing threshold mechanisms...
2025-07-17 16:16:32,177 - INFO - Creating Hypothesis 1 visualizations...
2025-07-17 16:16:33,405 - INFO - Hypothesis 1 supported: True
2025-07-17 16:16:33,405 - INFO - STR threshold found at QE intensity: N/A
2025-07-17 16:16:33,405 - INFO - STR model significant: False
2025-07-17 16:16:33,405 - INFO - Hansen threshold: 0.003
2025-07-17 16:16:33,405 - INFO - 
--- Testing Hypothesis 2: Investment Effects ---
2025-07-17 16:16:33,405 - INFO - ==================================================
2025-07-17 16:16:33,405 - INFO - TESTING HYPOTHESIS 2: QE IMPACT ON INVESTMENT
2025-07-17 16:16:33,406 - INFO - ==================================================
2025-07-17 16:16:33,419 - INFO - Hypothesis 2 dataset prepared: (13688, 23)
2025-07-17 16:16:33,420 - INFO - Investment variable used: us_business_investment
2025-07-17 16:16:33,420 - INFO - Investment range: 596.55 to 4089.45
2025-07-17 16:16:33,420 - INFO - Running IV regression for investment equation...
2025-07-17 16:16:33,437 - INFO - IV Results: QE coeff = -3.676 (p=0.009)
2025-07-17 16:16:33,437 - INFO - Yield coeff = 0.046 (p=0.000)
2025-07-17 16:16:33,437 - INFO - R² = 0.967
2025-07-17 16:16:33,437 - INFO - Running local projections for dynamic effects...
2025-07-17 16:16:33,580 - INFO - Local Projections: Peak effect at horizon 12 = 1493.929
2025-07-17 16:16:33,580 - INFO - Analyzing investment channels...
2025-07-17 16:16:33,588 - INFO - Testing robustness of investment results...
2025-07-17 16:16:33,612 - INFO - Running IV regression for investment equation...
2025-07-17 16:16:33,621 - INFO - IV Results: QE coeff = -1946.560 (p=0.316)
2025-07-17 16:16:33,621 - INFO - Yield coeff = 0.073 (p=0.000)
2025-07-17 16:16:33,621 - INFO - R² = 0.396
2025-07-17 16:16:33,621 - INFO - Running IV regression for investment equation...
2025-07-17 16:16:33,633 - INFO - IV Results: QE coeff = -4.388 (p=0.001)
2025-07-17 16:16:33,633 - INFO - Yield coeff = 0.039 (p=0.000)
2025-07-17 16:16:33,633 - INFO - R² = 0.954
2025-07-17 16:16:33,633 - INFO - Running IV regression for investment equation...
2025-07-17 16:16:33,646 - INFO - IV Results: QE coeff = -798.479 (p=0.000)
2025-07-17 16:16:33,646 - INFO - Yield coeff = 0.060 (p=0.000)
2025-07-17 16:16:33,647 - INFO - R² = 0.841
2025-07-17 16:16:33,647 - INFO - Running IV regression for investment equation...
2025-07-17 16:16:33,657 - INFO - IV Results: QE coeff = -6.819 (p=0.000)
2025-07-17 16:16:33,657 - INFO - Yield coeff = 0.025 (p=0.000)
2025-07-17 16:16:33,657 - INFO - R² = 0.988
2025-07-17 16:16:33,676 - INFO - Creating Hypothesis 2 visualizations...
2025-07-17 16:16:34,577 - INFO - Hypothesis 2 supported: True
2025-07-17 16:16:34,577 - INFO - QE effect on investment: -3.675861785083533
2025-07-17 16:16:34,577 - INFO - Investment effect significant: True
2025-07-17 16:16:34,577 - INFO - 
--- Testing Hypothesis 3: International Spillovers ---
2025-07-17 16:16:34,577 - INFO - ==================================================
2025-07-17 16:16:34,577 - INFO - TESTING HYPOTHESIS 3: INTERNATIONAL SPILLOVERS
2025-07-17 16:16:34,577 - INFO - ==================================================
2025-07-17 16:16:34,596 - INFO - Hypothesis 3 dataset prepared: (13693, 31)
2025-07-17 16:16:34,596 - INFO - Available foreign variables: ['foreign_holdings_growth', 'foreign_holdings_change', 'foreign_treasury_holdings']
2025-07-17 16:16:34,597 - INFO - Available FX variables: ['gbp_usd', 'dxy', 'eur_usd', 'jpy_usd', 'gbp_usd_change', 'gbp_usd_vol', 'dxy_change', 'dxy_vol', 'eur_usd_change', 'eur_usd_vol', 'jpy_usd_change', 'jpy_usd_vol']
2025-07-17 16:16:34,597 - INFO - Analyzing foreign holdings response to QE...
2025-07-17 16:16:34,603 - INFO - foreign_holdings_growth: QE coeff = 0.000 (p=nan)
2025-07-17 16:16:34,608 - INFO - foreign_holdings_change: QE coeff = 0.000 (p=nan)
2025-07-17 16:16:34,612 - INFO - foreign_treasury_holdings: QE coeff = -19.078 (p=0.248)
2025-07-17 16:16:34,612 - INFO - Analyzing exchange rate effects...
2025-07-17 16:16:34,615 - INFO - gbp_usd: QE coeff = 21.365, implies dollar weakening
2025-07-17 16:16:34,618 - INFO - eur_usd: QE coeff = 16.679, implies dollar weakening
2025-07-17 16:16:34,623 - INFO - jpy_usd: QE coeff = -3.324, implies dollar strengthening
2025-07-17 16:16:34,627 - INFO - dxy: QE coeff = -10.977, implies dollar weakening
2025-07-17 16:16:34,627 - INFO - Running Panel VAR analysis...
2025-07-17 16:16:34,643 - INFO - Running high-frequency identification...
2025-07-17 16:16:34,652 - INFO - Analyzing official vs private foreign flows...
2025-07-17 16:16:34,652 - INFO - Creating Hypothesis 3 visualizations...
2025-07-17 16:16:35,475 - INFO - Hypothesis 3 supported: False
2025-07-17 16:16:35,475 - INFO - Evidence count: 1
2025-07-17 16:16:35,475 - INFO - QE effect on foreign flows: N/A
2025-07-17 16:16:35,475 - INFO - Foreign flow effect significant: False
2025-07-17 16:16:35,475 - INFO - 
4. GENERATING COMPREHENSIVE REPORT
2025-07-17 16:16:35,475 - INFO - ------------------------------
2025-07-17 16:16:35,475 - INFO - Generating comprehensive report...
2025-07-17 16:16:35,482 - INFO - Comprehensive report saved to results/
2025-07-17 16:16:35,482 - INFO - 
5. CREATING VISUALIZATIONS
2025-07-17 16:16:35,482 - INFO - ------------------------------
2025-07-17 16:16:35,482 - INFO - Creating summary visualizations...
2025-07-17 16:16:36,469 - INFO - Summary visualizations saved to results/summary_visualizations.png
2025-07-17 16:16:36,469 - INFO - 
============================================================
2025-07-17 16:16:36,469 - INFO - ANALYSIS COMPLETED SUCCESSFULLY!
2025-07-17 16:16:36,469 - INFO - ============================================================
2025-07-17 16:16:36,469 - INFO - Total execution time: 0:00:10.795391
2025-07-17 16:16:36,469 - INFO - Results saved in: results/
2025-07-17 16:16:36,469 - INFO - Analysis covered 13693 observations from 1986-01-08 to 2025-01-06
2025-07-17 16:16:36,469 - INFO - 
KEY FINDINGS:
2025-07-17 16:16:36,469 - INFO - • Hansen threshold regression confirms threshold at 0.3%
2025-07-17 16:16:36,469 - INFO - • QE significantly affects investment with coefficient -3.676
2025-07-17 16:16:36,469 - INFO - 
POLICY IMPLICATIONS:
2025-07-17 16:16:36,469 - INFO - • QE effectiveness has clear limits - policymakers should avoid excessive intervention
2025-07-17 16:16:36,470 - INFO - • QE may have unintended consequences for long-term private investment
2025-07-17 16:20:40,245 - INFO - ============================================================
2025-07-17 16:20:40,245 - INFO - QUANTITATIVE EASING AND BOND MARKET DYNAMICS
2025-07-17 16:20:40,245 - INFO - Main Analysis Pipeline
2025-07-17 16:20:40,245 - INFO - ============================================================
2025-07-17 16:20:40,245 - INFO - 
1. DOWNLOADING DATA
2025-07-17 16:20:40,245 - INFO - ------------------------------
2025-07-17 16:20:40,245 - INFO - Using existing processed data. Delete data/processed to re-download.
2025-07-17 16:20:40,245 - INFO - 
2. LOADING AND PREPARING DATA
2025-07-17 16:20:40,245 - INFO - ------------------------------
2025-07-17 16:20:40,321 - INFO - Loaded us_panel: (35260, 33)
2025-07-17 16:20:40,502 - INFO - Loaded combined_panel: (35260, 80)
2025-07-17 16:20:40,538 - INFO - Loaded market_panel: (9129, 46)
2025-07-17 16:20:40,538 - INFO - Preparing data for analysis...
2025-07-17 16:20:40,592 - INFO - Data quality score: 45/100
2025-07-17 16:20:40,638 - INFO - Analysis dataset prepared: (13693, 84)
2025-07-17 16:20:40,639 - INFO - Date range: 1986-01-08 00:00:00 to 2025-01-06 00:00:00
2025-07-17 16:20:40,639 - INFO - 
3. RUNNING HYPOTHESIS TESTS
2025-07-17 16:20:40,639 - INFO - ------------------------------
2025-07-17 16:20:40,639 - INFO - ==================================================
2025-07-17 16:20:40,639 - INFO - RUNNING HYPOTHESIS TESTS
2025-07-17 16:20:40,639 - INFO - ==================================================
2025-07-17 16:20:40,639 - INFO - 
--- Testing Hypothesis 1: Threshold Effects ---
2025-07-17 16:20:40,639 - INFO - ==================================================
2025-07-17 16:20:40,639 - INFO - TESTING HYPOTHESIS 1: THRESHOLD EFFECTS ON YIELDS
2025-07-17 16:20:40,639 - INFO - ==================================================
2025-07-17 16:20:40,644 - INFO - Hypothesis 1 dataset prepared: (13692, 14)
2025-07-17 16:20:40,644 - INFO - QE intensity range: 0.000 to 0.067
2025-07-17 16:20:40,644 - INFO - Running Smooth Transition Regression (STR) analysis...
2025-07-17 16:20:40,646 - INFO - Running Hansen threshold regression analysis...
2025-07-17 16:20:46,339 - INFO - Hansen Results: Threshold = 0.003
2025-07-17 16:20:46,339 - INFO - Regime 1: 8568 obs, Regime 2: 5124 obs, R² = 0.001
2025-07-17 16:20:46,339 - INFO - Analyzing threshold mechanisms...
2025-07-17 16:20:46,339 - INFO - Creating Hypothesis 1 visualizations...
2025-07-17 16:20:47,585 - INFO - Hypothesis 1 supported: True
2025-07-17 16:20:47,585 - INFO - STR threshold found at QE intensity: N/A
2025-07-17 16:20:47,585 - INFO - STR model significant: False
2025-07-17 16:20:47,586 - INFO - Hansen threshold: 0.003
2025-07-17 16:20:47,586 - INFO - 
--- Testing Hypothesis 2: Investment Effects ---
2025-07-17 16:20:47,586 - INFO - ==================================================
2025-07-17 16:20:47,586 - INFO - TESTING HYPOTHESIS 2: QE IMPACT ON INVESTMENT
2025-07-17 16:20:47,586 - INFO - ==================================================
2025-07-17 16:20:47,595 - INFO - Hypothesis 2 dataset prepared: (13688, 23)
2025-07-17 16:20:47,595 - INFO - Investment variable used: us_business_investment
2025-07-17 16:20:47,595 - INFO - Investment range: 596.55 to 4089.45
2025-07-17 16:20:47,595 - INFO - Running IV regression for investment equation...
2025-07-17 16:20:47,610 - INFO - IV Results: QE coeff = -3.676 (p=0.009)
2025-07-17 16:20:47,610 - INFO - Yield coeff = 0.046 (p=0.000)
2025-07-17 16:20:47,610 - INFO - R² = 0.967
2025-07-17 16:20:47,610 - INFO - Running local projections for dynamic effects...
2025-07-17 16:20:47,755 - INFO - Local Projections: Peak effect at horizon 12 = 1493.929
2025-07-17 16:20:47,755 - INFO - Analyzing investment channels...
2025-07-17 16:20:47,767 - INFO - Testing robustness of investment results...
2025-07-17 16:20:47,789 - INFO - Running IV regression for investment equation...
2025-07-17 16:20:47,799 - INFO - IV Results: QE coeff = -1946.560 (p=0.316)
2025-07-17 16:20:47,799 - INFO - Yield coeff = 0.073 (p=0.000)
2025-07-17 16:20:47,799 - INFO - R² = 0.396
2025-07-17 16:20:47,799 - INFO - Running IV regression for investment equation...
2025-07-17 16:20:47,812 - INFO - IV Results: QE coeff = -4.388 (p=0.001)
2025-07-17 16:20:47,812 - INFO - Yield coeff = 0.039 (p=0.000)
2025-07-17 16:20:47,812 - INFO - R² = 0.954
2025-07-17 16:20:47,812 - INFO - Running IV regression for investment equation...
2025-07-17 16:20:47,822 - INFO - IV Results: QE coeff = -798.479 (p=0.000)
2025-07-17 16:20:47,822 - INFO - Yield coeff = 0.060 (p=0.000)
2025-07-17 16:20:47,822 - INFO - R² = 0.841
2025-07-17 16:20:47,823 - INFO - Running IV regression for investment equation...
2025-07-17 16:20:47,829 - INFO - IV Results: QE coeff = -6.819 (p=0.000)
2025-07-17 16:20:47,829 - INFO - Yield coeff = 0.025 (p=0.000)
2025-07-17 16:20:47,829 - INFO - R² = 0.988
2025-07-17 16:20:47,847 - INFO - Creating Hypothesis 2 visualizations...
2025-07-17 16:20:48,781 - INFO - Hypothesis 2 supported: True
2025-07-17 16:20:48,782 - INFO - QE effect on investment: -3.675861785083533
2025-07-17 16:20:48,782 - INFO - Investment effect significant: True
2025-07-17 16:20:48,782 - INFO - 
--- Testing Hypothesis 3: International Spillovers ---
2025-07-17 16:20:48,782 - INFO - ==================================================
2025-07-17 16:20:48,782 - INFO - TESTING HYPOTHESIS 3: INTERNATIONAL SPILLOVERS
2025-07-17 16:20:48,782 - INFO - ==================================================
2025-07-17 16:20:48,799 - INFO - Hypothesis 3 dataset prepared: (13693, 31)
2025-07-17 16:20:48,799 - INFO - Available foreign variables: ['foreign_holdings_growth', 'foreign_holdings_change', 'foreign_treasury_holdings']
2025-07-17 16:20:48,799 - INFO - Available FX variables: ['eur_usd', 'jpy_usd', 'gbp_usd', 'dxy', 'eur_usd_change', 'eur_usd_vol', 'jpy_usd_change', 'jpy_usd_vol', 'gbp_usd_change', 'gbp_usd_vol', 'dxy_change', 'dxy_vol']
2025-07-17 16:20:48,799 - INFO - Analyzing foreign holdings response to QE...
2025-07-17 16:20:48,804 - INFO - foreign_holdings_growth: QE coeff = 0.000 (p=nan)
2025-07-17 16:20:48,810 - INFO - foreign_holdings_change: QE coeff = 0.000 (p=nan)
2025-07-17 16:20:48,815 - INFO - foreign_treasury_holdings: QE coeff = -19.078 (p=0.248)
2025-07-17 16:20:48,815 - INFO - Analyzing exchange rate effects...
2025-07-17 16:20:48,818 - INFO - eur_usd: QE coeff = 16.679, implies dollar weakening
2025-07-17 16:20:48,822 - INFO - jpy_usd: QE coeff = -3.324, implies dollar strengthening
2025-07-17 16:20:48,827 - INFO - gbp_usd: QE coeff = 21.365, implies dollar weakening
2025-07-17 16:20:48,831 - INFO - dxy: QE coeff = -10.977, implies dollar weakening
2025-07-17 16:20:48,831 - INFO - Running Panel VAR analysis...
2025-07-17 16:20:48,845 - INFO - Running high-frequency identification...
2025-07-17 16:20:48,852 - INFO - Analyzing official vs private foreign flows...
2025-07-17 16:20:48,853 - INFO - Creating Hypothesis 3 visualizations...
2025-07-17 16:20:49,704 - INFO - Hypothesis 3 supported: False
2025-07-17 16:20:49,704 - INFO - Evidence count: 1
2025-07-17 16:20:49,705 - INFO - QE effect on foreign flows: N/A
2025-07-17 16:20:49,705 - INFO - Foreign flow effect significant: False
2025-07-17 16:20:49,705 - INFO - 
4. GENERATING COMPREHENSIVE REPORT
2025-07-17 16:20:49,705 - INFO - ------------------------------
2025-07-17 16:20:49,705 - INFO - Generating comprehensive report...
2025-07-17 16:20:49,710 - INFO - Comprehensive report saved to results/
2025-07-17 16:20:49,710 - INFO - 
5. CREATING VISUALIZATIONS
2025-07-17 16:20:49,710 - INFO - ------------------------------
2025-07-17 16:20:49,710 - INFO - Creating summary visualizations...
2025-07-17 16:20:50,724 - INFO - Summary visualizations saved to results/summary_visualizations.png
2025-07-17 16:20:50,724 - INFO - 
============================================================
2025-07-17 16:20:50,724 - INFO - ANALYSIS COMPLETED SUCCESSFULLY!
2025-07-17 16:20:50,724 - INFO - ============================================================
2025-07-17 16:20:50,724 - INFO - Total execution time: 0:00:10.479987
2025-07-17 16:20:50,724 - INFO - Results saved in: results/
2025-07-17 16:20:50,724 - INFO - Analysis covered 13693 observations from 1986-01-08 to 2025-01-06
2025-07-17 16:20:50,724 - INFO - 
KEY FINDINGS:
2025-07-17 16:20:50,724 - INFO - • Hansen threshold regression confirms threshold at 0.3%
2025-07-17 16:20:50,724 - INFO - • QE significantly affects investment with coefficient -3.676
2025-07-17 16:20:50,724 - INFO - 
POLICY IMPLICATIONS:
2025-07-17 16:20:50,724 - INFO - • QE effectiveness has clear limits - policymakers should avoid excessive intervention
2025-07-17 16:20:50,724 - INFO - • QE may have unintended consequences for long-term private investment
2025-07-17 16:20:54,827 - INFO - ============================================================
2025-07-17 16:20:54,827 - INFO - QUANTITATIVE EASING AND BOND MARKET DYNAMICS
2025-07-17 16:20:54,827 - INFO - Main Analysis Pipeline
2025-07-17 16:20:54,827 - INFO - ============================================================
2025-07-17 16:20:54,827 - INFO - 
1. DOWNLOADING DATA
2025-07-17 16:20:54,827 - INFO - ------------------------------
2025-07-17 16:20:54,827 - INFO - Using existing processed data. Delete data/processed to re-download.
2025-07-17 16:20:54,827 - INFO - 
2. LOADING AND PREPARING DATA
2025-07-17 16:20:54,827 - INFO - ------------------------------
2025-07-17 16:20:54,891 - INFO - Loaded us_panel: (35260, 33)
2025-07-17 16:20:55,004 - INFO - Loaded combined_panel: (35260, 80)
2025-07-17 16:20:55,038 - INFO - Loaded market_panel: (9129, 46)
2025-07-17 16:20:55,039 - INFO - Preparing data for analysis...
2025-07-17 16:20:55,089 - INFO - Data quality score: 45/100
2025-07-17 16:20:55,123 - INFO - Analysis dataset prepared: (13693, 84)
2025-07-17 16:20:55,124 - INFO - Date range: 1986-01-08 00:00:00 to 2025-01-06 00:00:00
2025-07-17 16:20:55,124 - INFO - 
3. RUNNING HYPOTHESIS TESTS
2025-07-17 16:20:55,124 - INFO - ------------------------------
2025-07-17 16:20:55,124 - INFO - ==================================================
2025-07-17 16:20:55,124 - INFO - RUNNING HYPOTHESIS TESTS
2025-07-17 16:20:55,124 - INFO - ==================================================
2025-07-17 16:20:55,124 - INFO - 
--- Testing Hypothesis 1: Threshold Effects ---
2025-07-17 16:20:55,124 - INFO - ==================================================
2025-07-17 16:20:55,124 - INFO - TESTING HYPOTHESIS 1: THRESHOLD EFFECTS ON YIELDS
2025-07-17 16:20:55,124 - INFO - ==================================================
2025-07-17 16:20:55,128 - INFO - Hypothesis 1 dataset prepared: (13692, 14)
2025-07-17 16:20:55,129 - INFO - QE intensity range: 0.000 to 0.067
2025-07-17 16:20:55,129 - INFO - Running Smooth Transition Regression (STR) analysis...
2025-07-17 16:20:55,130 - INFO - Running Hansen threshold regression analysis...
2025-07-17 16:21:00,811 - INFO - Hansen Results: Threshold = 0.003
2025-07-17 16:21:00,811 - INFO - Regime 1: 8568 obs, Regime 2: 5124 obs, R² = 0.001
2025-07-17 16:21:00,811 - INFO - Analyzing threshold mechanisms...
2025-07-17 16:21:00,811 - INFO - Creating Hypothesis 1 visualizations...
2025-07-17 16:21:01,703 - INFO - Hypothesis 1 supported: True
2025-07-17 16:21:01,703 - INFO - STR threshold found at QE intensity: N/A
2025-07-17 16:21:01,703 - INFO - STR model significant: False
2025-07-17 16:21:01,703 - INFO - Hansen threshold: 0.003
2025-07-17 16:21:01,703 - INFO - 
--- Testing Hypothesis 2: Investment Effects ---
2025-07-17 16:21:01,703 - INFO - ==================================================
2025-07-17 16:21:01,703 - INFO - TESTING HYPOTHESIS 2: QE IMPACT ON INVESTMENT
2025-07-17 16:21:01,703 - INFO - ==================================================
2025-07-17 16:21:01,711 - INFO - Hypothesis 2 dataset prepared: (13688, 23)
2025-07-17 16:21:01,712 - INFO - Investment variable used: us_business_investment
2025-07-17 16:21:01,712 - INFO - Investment range: 596.55 to 4089.45
2025-07-17 16:21:01,712 - INFO - Running IV regression for investment equation...
2025-07-17 16:21:01,725 - INFO - IV Results: QE coeff = -3.676 (p=0.009)
2025-07-17 16:21:01,726 - INFO - Yield coeff = 0.046 (p=0.000)
2025-07-17 16:21:01,726 - INFO - R² = 0.967
2025-07-17 16:21:01,726 - INFO - Running local projections for dynamic effects...
2025-07-17 16:21:01,951 - INFO - Local Projections: Peak effect at horizon 12 = 1493.929
2025-07-17 16:21:01,956 - INFO - Analyzing investment channels...
2025-07-17 16:21:01,974 - INFO - Testing robustness of investment results...
2025-07-17 16:21:02,007 - INFO - Running IV regression for investment equation...
2025-07-17 16:21:02,021 - INFO - IV Results: QE coeff = -1946.560 (p=0.316)
2025-07-17 16:21:02,021 - INFO - Yield coeff = 0.073 (p=0.000)
2025-07-17 16:21:02,021 - INFO - R² = 0.396
2025-07-17 16:21:02,022 - INFO - Running IV regression for investment equation...
2025-07-17 16:21:02,035 - INFO - IV Results: QE coeff = -4.388 (p=0.001)
2025-07-17 16:21:02,035 - INFO - Yield coeff = 0.039 (p=0.000)
2025-07-17 16:21:02,035 - INFO - R² = 0.954
2025-07-17 16:21:02,035 - INFO - Running IV regression for investment equation...
2025-07-17 16:21:02,049 - INFO - IV Results: QE coeff = -798.479 (p=0.000)
2025-07-17 16:21:02,050 - INFO - Yield coeff = 0.060 (p=0.000)
2025-07-17 16:21:02,050 - INFO - R² = 0.841
2025-07-17 16:21:02,050 - INFO - Running IV regression for investment equation...
2025-07-17 16:21:02,057 - INFO - IV Results: QE coeff = -6.819 (p=0.000)
2025-07-17 16:21:02,057 - INFO - Yield coeff = 0.025 (p=0.000)
2025-07-17 16:21:02,057 - INFO - R² = 0.988
2025-07-17 16:21:02,070 - INFO - Creating Hypothesis 2 visualizations...
2025-07-17 16:21:03,003 - INFO - Hypothesis 2 supported: True
2025-07-17 16:21:03,003 - INFO - QE effect on investment: -3.675861785083533
2025-07-17 16:21:03,003 - INFO - Investment effect significant: True
2025-07-17 16:21:03,003 - INFO - 
--- Testing Hypothesis 3: International Spillovers ---
2025-07-17 16:21:03,003 - INFO - ==================================================
2025-07-17 16:21:03,003 - INFO - TESTING HYPOTHESIS 3: INTERNATIONAL SPILLOVERS
2025-07-17 16:21:03,003 - INFO - ==================================================
2025-07-17 16:21:03,019 - INFO - Hypothesis 3 dataset prepared: (13693, 31)
2025-07-17 16:21:03,019 - INFO - Available foreign variables: ['foreign_treasury_holdings', 'foreign_holdings_change', 'foreign_holdings_growth']
2025-07-17 16:21:03,019 - INFO - Available FX variables: ['jpy_usd', 'eur_usd', 'dxy', 'gbp_usd', 'jpy_usd_change', 'jpy_usd_vol', 'eur_usd_change', 'eur_usd_vol', 'dxy_change', 'dxy_vol', 'gbp_usd_change', 'gbp_usd_vol']
2025-07-17 16:21:03,019 - INFO - Analyzing foreign holdings response to QE...
2025-07-17 16:21:03,025 - INFO - foreign_treasury_holdings: QE coeff = -19.078 (p=0.248)
2025-07-17 16:21:03,029 - INFO - foreign_holdings_change: QE coeff = 0.000 (p=nan)
2025-07-17 16:21:03,035 - INFO - foreign_holdings_growth: QE coeff = 0.000 (p=nan)
2025-07-17 16:21:03,035 - INFO - Analyzing exchange rate effects...
2025-07-17 16:21:03,038 - INFO - jpy_usd: QE coeff = -3.324, implies dollar strengthening
2025-07-17 16:21:03,041 - INFO - eur_usd: QE coeff = 16.679, implies dollar weakening
2025-07-17 16:21:03,044 - INFO - gbp_usd: QE coeff = 21.365, implies dollar weakening
2025-07-17 16:21:03,047 - INFO - dxy: QE coeff = -10.977, implies dollar weakening
2025-07-17 16:21:03,047 - INFO - Running Panel VAR analysis...
2025-07-17 16:21:03,059 - INFO - Running high-frequency identification...
2025-07-17 16:21:03,066 - INFO - Analyzing official vs private foreign flows...
2025-07-17 16:21:03,067 - INFO - Creating Hypothesis 3 visualizations...
2025-07-17 16:21:03,893 - INFO - Hypothesis 3 supported: False
2025-07-17 16:21:03,894 - INFO - Evidence count: 1
2025-07-17 16:21:03,894 - INFO - QE effect on foreign flows: N/A
2025-07-17 16:21:03,894 - INFO - Foreign flow effect significant: False
2025-07-17 16:21:03,894 - INFO - 
4. GENERATING COMPREHENSIVE REPORT
2025-07-17 16:21:03,894 - INFO - ------------------------------
2025-07-17 16:21:03,894 - INFO - Generating comprehensive report...
2025-07-17 16:21:03,898 - INFO - Comprehensive report saved to results/
2025-07-17 16:21:03,898 - INFO - 
5. CREATING VISUALIZATIONS
2025-07-17 16:21:03,899 - INFO - ------------------------------
2025-07-17 16:21:03,899 - INFO - Creating summary visualizations...
2025-07-17 16:21:04,908 - INFO - Summary visualizations saved to results/summary_visualizations.png
2025-07-17 16:21:04,909 - INFO - 
============================================================
2025-07-17 16:21:04,909 - INFO - ANALYSIS COMPLETED SUCCESSFULLY!
2025-07-17 16:21:04,909 - INFO - ============================================================
2025-07-17 16:21:04,909 - INFO - Total execution time: 0:00:10.081908
2025-07-17 16:21:04,909 - INFO - Results saved in: results/
2025-07-17 16:21:04,909 - INFO - Analysis covered 13693 observations from 1986-01-08 to 2025-01-06
2025-07-17 16:21:04,909 - INFO - 
KEY FINDINGS:
2025-07-17 16:21:04,909 - INFO - • Hansen threshold regression confirms threshold at 0.3%
2025-07-17 16:21:04,909 - INFO - • QE significantly affects investment with coefficient -3.676
2025-07-17 16:21:04,909 - INFO - 
POLICY IMPLICATIONS:
2025-07-17 16:21:04,909 - INFO - • QE effectiveness has clear limits - policymakers should avoid excessive intervention
2025-07-17 16:21:04,909 - INFO - • QE may have unintended consequences for long-term private investment
2025-07-17 16:32:08,428 - INFO - ============================================================
2025-07-17 16:32:08,428 - INFO - QUANTITATIVE EASING AND BOND MARKET DYNAMICS
2025-07-17 16:32:08,428 - INFO - Main Analysis Pipeline
2025-07-17 16:32:08,428 - INFO - ============================================================
2025-07-17 16:32:08,428 - INFO - 
1. DOWNLOADING DATA
2025-07-17 16:32:08,428 - INFO - ------------------------------
2025-07-17 16:32:08,428 - INFO - Using existing processed data. Delete data/processed to re-download.
2025-07-17 16:32:08,428 - INFO - 
2. LOADING AND PREPARING DATA
2025-07-17 16:32:08,428 - INFO - ------------------------------
2025-07-17 16:32:08,492 - INFO - Loaded us_panel: (35260, 33)
2025-07-17 16:32:08,599 - INFO - Loaded combined_panel: (35260, 80)
2025-07-17 16:32:08,634 - INFO - Loaded market_panel: (9129, 46)
2025-07-17 16:32:08,634 - INFO - Preparing data for analysis...
2025-07-17 16:32:08,683 - INFO - Data quality score: 45/100
2025-07-17 16:32:08,715 - INFO - Analysis dataset prepared: (13693, 84)
2025-07-17 16:32:08,715 - INFO - Date range: 1986-01-08 00:00:00 to 2025-01-06 00:00:00
2025-07-17 16:32:08,715 - INFO - 
3. RUNNING HYPOTHESIS TESTS
2025-07-17 16:32:08,715 - INFO - ------------------------------
2025-07-17 16:32:08,715 - INFO - ==================================================
2025-07-17 16:32:08,715 - INFO - RUNNING HYPOTHESIS TESTS
2025-07-17 16:32:08,715 - INFO - ==================================================
2025-07-17 16:32:08,715 - INFO - 
--- Testing Hypothesis 1: Threshold Effects ---
2025-07-17 16:32:08,715 - INFO - ==================================================
2025-07-17 16:32:08,715 - INFO - TESTING HYPOTHESIS 1: THRESHOLD EFFECTS ON YIELDS
2025-07-17 16:32:08,715 - INFO - ==================================================
2025-07-17 16:32:08,719 - INFO - Hypothesis 1 dataset prepared: (13692, 14)
2025-07-17 16:32:08,719 - INFO - QE intensity range: 0.000 to 0.067
2025-07-17 16:32:08,719 - INFO - Running Smooth Transition Regression (STR) analysis...
2025-07-17 16:32:10,519 - INFO - Running Hansen threshold regression analysis...
2025-07-17 16:32:13,726 - INFO - Hansen Results: Threshold = 0.003
2025-07-17 16:32:13,726 - INFO - Regime 1: 8568 obs, Regime 2: 5124 obs, R² = 0.001
2025-07-17 16:32:13,726 - INFO - Analyzing threshold mechanisms...
2025-07-17 16:32:13,726 - INFO - Creating Hypothesis 1 visualizations...
2025-07-17 16:32:14,977 - INFO - Hypothesis 1 supported: True
2025-07-17 16:32:14,977 - INFO - STR threshold found at QE intensity: N/A
2025-07-17 16:32:14,977 - INFO - STR model significant: False
2025-07-17 16:32:14,977 - INFO - Hansen threshold: 0.003
2025-07-17 16:32:14,977 - INFO - 
--- Testing Hypothesis 2: Investment Effects ---
2025-07-17 16:32:14,977 - INFO - ==================================================
2025-07-17 16:32:14,978 - INFO - TESTING HYPOTHESIS 2: QE IMPACT ON INVESTMENT
2025-07-17 16:32:14,978 - INFO - ==================================================
2025-07-17 16:32:14,985 - INFO - Hypothesis 2 dataset prepared: (13688, 23)
2025-07-17 16:32:14,985 - INFO - Investment variable used: us_business_investment
2025-07-17 16:32:14,985 - INFO - Investment range: 596.55 to 4089.45
2025-07-17 16:32:14,985 - INFO - Running IV regression for investment equation...
2025-07-17 16:32:14,996 - INFO - IV Results: QE coeff = -3.676 (p=0.009)
2025-07-17 16:32:14,996 - INFO - Yield coeff = 0.046 (p=0.000)
2025-07-17 16:32:14,996 - INFO - R² = 0.967
2025-07-17 16:32:14,996 - INFO - Running local projections for dynamic effects...
2025-07-17 16:32:15,226 - INFO - Local Projections: Peak effect at horizon 12 = 1493.929
2025-07-17 16:32:15,227 - INFO - Analyzing investment channels...
2025-07-17 16:32:15,233 - INFO - Testing robustness of investment results...
2025-07-17 16:32:15,249 - INFO - Running IV regression for investment equation...
2025-07-17 16:32:15,256 - INFO - IV Results: QE coeff = -1946.560 (p=0.316)
2025-07-17 16:32:15,256 - INFO - Yield coeff = 0.073 (p=0.000)
2025-07-17 16:32:15,256 - INFO - R² = 0.396
2025-07-17 16:32:15,256 - INFO - Running IV regression for investment equation...
2025-07-17 16:32:15,266 - INFO - IV Results: QE coeff = -4.388 (p=0.001)
2025-07-17 16:32:15,266 - INFO - Yield coeff = 0.039 (p=0.000)
2025-07-17 16:32:15,266 - INFO - R² = 0.954
2025-07-17 16:32:15,266 - INFO - Running IV regression for investment equation...
2025-07-17 16:32:15,276 - INFO - IV Results: QE coeff = -798.479 (p=0.000)
2025-07-17 16:32:15,276 - INFO - Yield coeff = 0.060 (p=0.000)
2025-07-17 16:32:15,277 - INFO - R² = 0.841
2025-07-17 16:32:15,277 - INFO - Running IV regression for investment equation...
2025-07-17 16:32:15,285 - INFO - IV Results: QE coeff = -6.819 (p=0.000)
2025-07-17 16:32:15,285 - INFO - Yield coeff = 0.025 (p=0.000)
2025-07-17 16:32:15,285 - INFO - R² = 0.988
2025-07-17 16:32:15,301 - INFO - Creating Hypothesis 2 visualizations...
2025-07-17 16:32:16,580 - INFO - Hypothesis 2 supported: True
2025-07-17 16:32:16,581 - INFO - QE effect on investment: -3.675861785083533
2025-07-17 16:32:16,581 - INFO - Investment effect significant: True
2025-07-17 16:32:16,581 - INFO - 
--- Testing Hypothesis 3: International Spillovers ---
2025-07-17 16:32:16,581 - INFO - ==================================================
2025-07-17 16:32:16,581 - INFO - TESTING HYPOTHESIS 3: INTERNATIONAL SPILLOVERS
2025-07-17 16:32:16,581 - INFO - ==================================================
2025-07-17 16:32:16,599 - INFO - Hypothesis 3 dataset prepared: (13693, 31)
2025-07-17 16:32:16,599 - INFO - Available foreign variables: ['foreign_holdings_change', 'foreign_treasury_holdings', 'foreign_holdings_growth']
2025-07-17 16:32:16,599 - INFO - Available FX variables: ['gbp_usd', 'jpy_usd', 'eur_usd', 'dxy', 'gbp_usd_change', 'gbp_usd_vol', 'jpy_usd_change', 'jpy_usd_vol', 'eur_usd_change', 'eur_usd_vol', 'dxy_change', 'dxy_vol']
2025-07-17 16:32:16,600 - INFO - Analyzing foreign holdings response to QE...
2025-07-17 16:32:16,604 - INFO - foreign_holdings_change: QE coeff = 0.000 (p=nan)
2025-07-17 16:32:16,608 - INFO - foreign_treasury_holdings: QE coeff = -19.078 (p=0.248)
2025-07-17 16:32:16,612 - INFO - foreign_holdings_growth: QE coeff = 0.000 (p=nan)
2025-07-17 16:32:16,612 - INFO - Analyzing exchange rate effects...
2025-07-17 16:32:16,617 - INFO - gbp_usd: QE coeff = 21.365, implies dollar weakening
2025-07-17 16:32:16,620 - INFO - jpy_usd: QE coeff = -3.324, implies dollar strengthening
2025-07-17 16:32:16,623 - INFO - eur_usd: QE coeff = 16.679, implies dollar weakening
2025-07-17 16:32:16,626 - INFO - dxy: QE coeff = -10.977, implies dollar weakening
2025-07-17 16:32:16,626 - INFO - Running Panel VAR analysis...
2025-07-17 16:32:16,640 - INFO - Running high-frequency identification...
2025-07-17 16:32:16,648 - INFO - Analyzing official vs private foreign flows...
2025-07-17 16:32:16,648 - INFO - Creating Hypothesis 3 visualizations...
2025-07-17 16:32:17,753 - INFO - Hypothesis 3 supported: False
2025-07-17 16:32:17,754 - INFO - Evidence count: 1
2025-07-17 16:32:17,754 - INFO - QE effect on foreign flows: N/A
2025-07-17 16:32:17,754 - INFO - Foreign flow effect significant: False
2025-07-17 16:32:17,754 - INFO - 
4. GENERATING COMPREHENSIVE REPORT
2025-07-17 16:32:17,754 - INFO - ------------------------------
2025-07-17 16:32:17,754 - INFO - Generating comprehensive report...
2025-07-17 16:32:17,757 - INFO - Comprehensive report saved to results/
2025-07-17 16:32:17,757 - INFO - 
5. CREATING VISUALIZATIONS
2025-07-17 16:32:17,757 - INFO - ------------------------------
2025-07-17 16:32:17,757 - INFO - Creating summary visualizations...
2025-07-17 16:32:18,669 - INFO - Summary visualizations saved to results/summary_visualizations.png
2025-07-17 16:32:18,669 - INFO - 
============================================================
2025-07-17 16:32:18,669 - INFO - ANALYSIS COMPLETED SUCCESSFULLY!
2025-07-17 16:32:18,669 - INFO - ============================================================
2025-07-17 16:32:18,669 - INFO - Total execution time: 0:00:10.241637
2025-07-17 16:32:18,669 - INFO - Results saved in: results/
2025-07-17 16:32:18,669 - INFO - Analysis covered 13693 observations from 1986-01-08 to 2025-01-06
2025-07-17 16:32:18,669 - INFO - 
KEY FINDINGS:
2025-07-17 16:32:18,669 - INFO - • Hansen threshold regression confirms threshold at 0.3%
2025-07-17 16:32:18,670 - INFO - • QE significantly affects investment with coefficient -3.676
2025-07-17 16:32:18,670 - INFO - 
POLICY IMPLICATIONS:
2025-07-17 16:32:18,670 - INFO - • QE effectiveness has clear limits - policymakers should avoid excessive intervention
2025-07-17 16:32:18,670 - INFO - • QE may have unintended consequences for long-term private investment
